This is pdfTeX, Version 3.14159265-2.6-1.40.15 (TeX Live 2014/Fink) (preloaded format=pdflatex 2018.5.25)  4 FEB 2019 09:02
entering extended mode
 restricted \write18 enabled.
 file:line:error style messages enabled.
 %&-line parsing enabled.
**manuscriptPS.tex
(./manuscriptPS.tex
LaTeX2e <2014/05/01>
Babel <3.9k> and hyphenation patterns for 78 languages loaded.
(/sw/share/texmf-dist/tex/latex/revtex4/revtex4.cls
Document Class: revtex4 2001/08/02 v4.0 (http://publish.aps.org/revtex4/ for do
cumentation)
 Copyright (c) 2001 The American Physical Society.
 mailto:revtex@aps.org
 Licensed under the LPPL:
http://www.ctan.org/tex-archive/macros/latex/base/lppl.txt
 Arthur Ogawa <ogawa@teleport.com>
 Based on work by David Carlisle <david@dcarlisle.demon.co.uk>.
ltxutil: portions licensed from W. E. Baxter (web@superscript.com)
Class revtex4 Info: Repairing broken LateX \@sect on input line 596.
\intertabularlinepenalty=\count79
\@tbpen=\count80
\@arstrutbox@hline=\box26
Class revtex4 Info: Repairing broken LaTeX \@xbitor on input line 1610.
ltxgrid: portions licensed from W. E. Baxter (web@superscript.com)
\c@linecount=\count81
\output=\toks14
\@protection@box=\box27
\@topmark@saved=\toks15
\footins@saved=\box28
\pagesofar=\box29
\footbox=\box30
\pagegrid@col=\count82
Class revtex4 Info: Incorporating package {textcase}  [1998/11/12 v0.06 Text on
ly upper/lower case changing (DPC)]. on input line 3682.
(/sw/share/texmf-dist/tex/latex/url/url.sty
\Urlmuskip=\muskip10
Package: url 2013/09/16  ver 3.4  Verb mode for urls, etc.
)
\c@affil=\count83
\absbox=\box31
\c@part=\count84
\c@section=\count85
\c@subsection=\count86
\c@subsubsection=\count87
\c@paragraph=\count88
\c@subparagraph=\count89
\abovecaptionskip=\skip41
\belowcaptionskip=\skip42
\c@figure=\count90
\c@table=\count91

(/sw/share/texmf-dist/tex/latex/natbib/natbib.sty
Package: natbib 2010/09/13 8.31b (PWD, AO)
\bibhang=\skip43
\bibsep=\skip44
LaTeX Info: Redefining \cite on input line 694.
\c@NAT@ctr=\count92
)
\widetext@top=\box32
\widetext@bot=\box33

(/sw/share/texmf-dist/tex/latex/revtex4/revsymb.sty
Package: revsymb 2001/08/02 v4.0 (http://publish.aps.org/revtex4/ for documenta
tion)
LaTeX Info: Redefining \REV@mathfrak on input line 118.
))
(/sw/share/texmf-dist/tex/latex/revtex4/aps.rtx
File: aps.rtx 2001/08/02 v4.0 (http://publish.aps.org/revtex4/ for documentatio
n)
)
(/sw/share/texmf-dist/tex/latex/revtex4/10pt.rtx
File: 10pt.rtx 2001/08/02 v4.0 (http://publish.aps.org/revtex4/ for documentati
on)
)
(/sw/share/texmf-dist/tex/latex/rotating/rotating.sty
Package: rotating 2009/03/28 v2.16a rotated objects in LaTeX

(/sw/share/texmf-dist/tex/latex/graphics/graphicx.sty
Package: graphicx 2014/04/25 v1.0g Enhanced LaTeX Graphics (DPC,SPQR)

(/sw/share/texmf-dist/tex/latex/graphics/keyval.sty
Package: keyval 2014/05/08 v1.15 key=value parser (DPC)
\KV@toks@=\toks16
)
(/sw/share/texmf-dist/tex/latex/graphics/graphics.sty
Package: graphics 2009/02/05 v1.0o Standard LaTeX Graphics (DPC,SPQR)

(/sw/share/texmf-dist/tex/latex/graphics/trig.sty
Package: trig 1999/03/16 v1.09 sin cos tan (DPC)
)
(/sw/share/texmf-dist/tex/latex/latexconfig/graphics.cfg
File: graphics.cfg 2010/04/23 v1.9 graphics configuration of TeX Live
)
Package graphics Info: Driver file: pdftex.def on input line 91.

(/sw/share/texmf-dist/tex/latex/pdftex-def/pdftex.def
File: pdftex.def 2011/05/27 v0.06d Graphics/color for pdfTeX

(/sw/share/texmf-dist/tex/generic/oberdiek/infwarerr.sty
Package: infwarerr 2010/04/08 v1.3 Providing info/warning/error messages (HO)
)
(/sw/share/texmf-dist/tex/generic/oberdiek/ltxcmds.sty
Package: ltxcmds 2011/11/09 v1.22 LaTeX kernel commands for general use (HO)
)
\Gread@gobject=\count93
))
\Gin@req@height=\dimen102
\Gin@req@width=\dimen103
)
(/sw/share/texmf-dist/tex/latex/base/ifthen.sty
Package: ifthen 2001/05/26 v1.1c Standard LaTeX ifthen package (DPC)
)
\c@r@tfl@t=\count94
\rotFPtop=\skip45
\rotFPbot=\skip46
\rot@float@box=\box34
\rot@mess@toks=\toks17
)
(/sw/share/texmf-dist/tex/latex/psnfss/times.sty
Package: times 2005/04/12 PSNFSS-v9.2a (SPQR) 
)
(/sw/share/texmf-dist/tex/latex/setspace/setspace.sty
Package: setspace 2011/12/19 v6.7a set line spacing
)
(/sw/share/texmf-dist/tex/latex/amsmath/amsmath.sty
Package: amsmath 2013/01/14 v2.14 AMS math features
\@mathmargin=\skip47

For additional information on amsmath, use the `?' option.
(/sw/share/texmf-dist/tex/latex/amsmath/amstext.sty
Package: amstext 2000/06/29 v2.01

(/sw/share/texmf-dist/tex/latex/amsmath/amsgen.sty
File: amsgen.sty 1999/11/30 v2.0
\@emptytoks=\toks18
\ex@=\dimen104
))
(/sw/share/texmf-dist/tex/latex/amsmath/amsbsy.sty
Package: amsbsy 1999/11/29 v1.2d
\pmbraise@=\dimen105
)
(/sw/share/texmf-dist/tex/latex/amsmath/amsopn.sty
Package: amsopn 1999/12/14 v2.01 operator names
)
\inf@bad=\count95
LaTeX Info: Redefining \frac on input line 210.
\uproot@=\count96
\leftroot@=\count97
LaTeX Info: Redefining \overline on input line 306.
\classnum@=\count98
\DOTSCASE@=\count99
LaTeX Info: Redefining \ldots on input line 378.
LaTeX Info: Redefining \dots on input line 381.
LaTeX Info: Redefining \cdots on input line 466.
\Mathstrutbox@=\box35
\strutbox@=\box36
\big@size=\dimen106
LaTeX Font Info:    Redeclaring font encoding OML on input line 566.
LaTeX Font Info:    Redeclaring font encoding OMS on input line 567.
\macc@depth=\count100
\c@MaxMatrixCols=\count101
\dotsspace@=\muskip11
\c@parentequation=\count102
\dspbrk@lvl=\count103
\tag@help=\toks19
\row@=\count104
\column@=\count105
\maxfields@=\count106
\andhelp@=\toks20
\eqnshift@=\dimen107
\alignsep@=\dimen108
\tagshift@=\dimen109
\tagwidth@=\dimen110
\totwidth@=\dimen111
\lineht@=\dimen112
\@envbody=\toks21
\multlinegap=\skip48
\multlinetaggap=\skip49
\mathdisplay@stack=\toks22
LaTeX Info: Redefining \[ on input line 2665.
LaTeX Info: Redefining \] on input line 2666.
)
(/sw/share/texmf-dist/tex/latex/oberdiek/epstopdf.sty
Package: epstopdf 2010/02/09 v2.5 Conversion with epstopdf on the fly (HO)

(/sw/share/texmf-dist/tex/latex/oberdiek/epstopdf-base.sty
Package: epstopdf-base 2010/02/09 v2.5 Base part for package epstopdf

(/sw/share/texmf-dist/tex/latex/oberdiek/grfext.sty
Package: grfext 2010/08/19 v1.1 Manage graphics extensions (HO)

(/sw/share/texmf-dist/tex/generic/oberdiek/kvdefinekeys.sty
Package: kvdefinekeys 2011/04/07 v1.3 Define keys (HO)
))
(/sw/share/texmf-dist/tex/latex/oberdiek/kvoptions.sty
Package: kvoptions 2011/06/30 v3.11 Key value format for package options (HO)

(/sw/share/texmf-dist/tex/generic/oberdiek/kvsetkeys.sty
Package: kvsetkeys 2012/04/25 v1.16 Key value parser (HO)

(/sw/share/texmf-dist/tex/generic/oberdiek/etexcmds.sty
Package: etexcmds 2011/02/16 v1.5 Avoid name clashes with e-TeX commands (HO)

(/sw/share/texmf-dist/tex/generic/oberdiek/ifluatex.sty
Package: ifluatex 2010/03/01 v1.3 Provides the ifluatex switch (HO)
Package ifluatex Info: LuaTeX not detected.
)
Package etexcmds Info: Could not find \expanded.
(etexcmds)             That can mean that you are not using pdfTeX 1.50 or
(etexcmds)             that some package has redefined \expanded.
(etexcmds)             In the latter case, load this package earlier.
)))
(/sw/share/texmf-dist/tex/generic/oberdiek/pdftexcmds.sty
Package: pdftexcmds 2011/11/29 v0.20 Utility functions of pdfTeX for LuaTeX (HO
)

(/sw/share/texmf-dist/tex/generic/oberdiek/ifpdf.sty
Package: ifpdf 2011/01/30 v2.3 Provides the ifpdf switch (HO)
Package ifpdf Info: pdfTeX in PDF mode is detected.
)
Package pdftexcmds Info: LuaTeX not detected.
Package pdftexcmds Info: \pdf@primitive is available.
Package pdftexcmds Info: \pdf@ifprimitive is available.
Package pdftexcmds Info: \pdfdraftmode found.
)
Package grfext Info: Graphics extension search list:
(grfext)             [.png,.pdf,.jpg,.mps,.jpeg,.jbig2,.jb2,.PNG,.PDF,.JPG,.JPE
G,.JBIG2,.JB2,.eps]
(grfext)             \AppendGraphicsExtensions on input line 452.

(/sw/share/texmf-dist/tex/latex/latexconfig/epstopdf-sys.cfg
File: epstopdf-sys.cfg 2010/07/13 v1.3 Configuration of (r)epstopdf for TeX Liv
e
)))
(/sw/share/texmf-dist/tex/latex/easy-todo/easy-todo.sty
Package: easy-todo 2014/01/01

(/sw/share/texmf-dist/tex/latex/graphics/color.sty
Package: color 2014/04/23 v1.1a Standard LaTeX Color (DPC)

(/sw/share/texmf-dist/tex/latex/latexconfig/color.cfg
File: color.cfg 2007/01/18 v1.5 color configuration of teTeX/TeXLive
)
Package color Info: Driver file: pdftex.def on input line 137.
)
(/sw/share/texmf-dist/tex/latex/tocloft/tocloft.sty
Package: tocloft 2013/05/02 v2.3f parameterised ToC, etc., typesetting
Package tocloft Info: The document has section divisions on input line 44.
\cftparskip=\skip50
\cftbeforetoctitleskip=\skip51
\cftaftertoctitleskip=\skip52
\cftbeforepartskip=\skip53
\cftpartnumwidth=\skip54
\cftpartindent=\skip55
\cftbeforesecskip=\skip56
\cftsecindent=\skip57
\cftsecnumwidth=\skip58
\cftbeforesubsecskip=\skip59
\cftsubsecindent=\skip60
\cftsubsecnumwidth=\skip61
\cftbeforesubsubsecskip=\skip62
\cftsubsubsecindent=\skip63
\cftsubsubsecnumwidth=\skip64
\cftbeforeparaskip=\skip65
\cftparaindent=\skip66
\cftparanumwidth=\skip67
\cftbeforesubparaskip=\skip68
\cftsubparaindent=\skip69
\cftsubparanumwidth=\skip70
\cftbeforeloftitleskip=\skip71
\cftafterloftitleskip=\skip72
\cftbeforefigskip=\skip73
\cftfigindent=\skip74
\cftfignumwidth=\skip75
\c@lofdepth=\count107
\c@lotdepth=\count108
\cftbeforelottitleskip=\skip76
\cftafterlottitleskip=\skip77
\cftbeforetabskip=\skip78
\cfttabindent=\skip79
\cfttabnumwidth=\skip80
)
(/sw/share/texmf-dist/tex/latex/oberdiek/ifdraft.sty
Package: ifdraft 2008/08/11 v1.3 Detect class options draft and final (HO)
)
\c@todos=\count109
\cftbeforetodosskip=\skip81
\cfttodosindent=\skip82
\cfttodosnumwidth=\skip83
\c@loddepth=\count110
\cftbeforelodtitleskip=\skip84
\cftafterlodtitleskip=\skip85
)
(/sw/share/texmf-dist/tex/latex/csquotes/csquotes.sty
Package: csquotes 2011/10/22 v5.1d context-sensitive quotations

(/sw/share/texmf-dist/tex/latex/etoolbox/etoolbox.sty
Package: etoolbox 2011/01/03 v2.1 e-TeX tools for LaTeX

(/sw/share/texmf-dist/tex/latex/etex-pkg/etex.sty
Package: etex 1998/03/26 v2.0 eTeX basic definition package (PEB)
\et@xins=\count111
)
\etb@tempcnta=\count112
)
\csq@reset=\count113
\csq@gtype=\count114
\csq@glevel=\count115
\csq@qlevel=\count116
\csq@maxlvl=\count117
\csq@tshold=\count118
\csq@ltx@everypar=\toks23

(/sw/share/texmf-dist/tex/latex/csquotes/csquotes.def
File: csquotes.def 2011/10/22 v5.1d csquotes generic definitions
)
Package csquotes Info: Trying to load configuration file 'csquotes.cfg'...
Package csquotes Info: ... configuration file loaded successfully.

(/sw/share/texmf-dist/tex/latex/csquotes/csquotes.cfg
File: csquotes.cfg 
))
(/sw/share/texmf-dist/tex/latex/tools/xr.sty
Package: xr 1994/05/28 v5.02 eXternal References (DPC)
)
Package xr Info: IMPORTING LABELS FROM manuscriptPSsuppl.aux on input line 37.
Package csquotes Info: Checking for multilingual support...
Package csquotes Info: ... none found.
 (./manuscriptPS.aux)
\openout1 = `manuscriptPS.aux'.

LaTeX Font Info:    Checking defaults for OML/cmm/m/it on input line 39.
LaTeX Font Info:    ... okay on input line 39.
LaTeX Font Info:    Checking defaults for T1/cmr/m/n on input line 39.
LaTeX Font Info:    ... okay on input line 39.
LaTeX Font Info:    Checking defaults for OT1/cmr/m/n on input line 39.
LaTeX Font Info:    ... okay on input line 39.
LaTeX Font Info:    Checking defaults for OMS/cmsy/m/n on input line 39.
LaTeX Font Info:    ... okay on input line 39.
LaTeX Font Info:    Checking defaults for OMX/cmex/m/n on input line 39.
LaTeX Font Info:    ... okay on input line 39.
LaTeX Font Info:    Checking defaults for U/cmr/m/n on input line 39.
LaTeX Font Info:    ... okay on input line 39.
LaTeX Font Info:    Try loading font information for OT1+ptm on input line 39.

(/sw/share/texmf-dist/tex/latex/psnfss/ot1ptm.fd
File: ot1ptm.fd 2001/06/04 font definitions for OT1/ptm.
)
Class revtex4 Info: Patching LaTeX tabular. on input line 39.
Class revtex4 Info: cite was not loaded (OK!) on input line 39.
Class revtex4 Info: multicol was not loaded (OK!) on input line 39.

(/sw/share/texmf-dist/tex/context/base/supp-pdf.mkii
[Loading MPS to PDF converter (version 2006.09.02).]
\scratchcounter=\count119
\scratchdimen=\dimen113
\scratchbox=\box37
\nofMPsegments=\count120
\nofMParguments=\count121
\everyMPshowfont=\toks24
\MPscratchCnt=\count122
\MPscratchDim=\dimen114
\MPnumerator=\count123
\makeMPintoPDFobject=\count124
\everyMPtoPDFconversion=\toks25
)
LaTeX Font Info:    Try loading font information for OT1+pcr on input line 126.

 (/sw/share/texmf-dist/tex/latex/psnfss/ot1pcr.fd
File: ot1pcr.fd 2001/06/04 font definitions for OT1/pcr.
)
LaTeX Font Info:    Font shape `OT1/ptm/bx/n' in size <12> not available
(Font)              Font shape `OT1/ptm/b/n' tried instead on input line 131.
LaTeX Font Info:    Font shape `OT1/ptm/bx/n' in size <7> not available
(Font)              Font shape `OT1/ptm/b/n' tried instead on input line 131.
LaTeX Font Info:    Font shape `OT1/ptm/bx/n' in size <9> not available
(Font)              Font shape `OT1/ptm/b/n' tried instead on input line 138.
LaTeX Font Info:    Font shape `OT1/ptm/bx/n' in size <10> not available
(Font)              Font shape `OT1/ptm/b/n' tried instead on input line 191.


Package natbib Warning: Citation `??' on page 1 undefined on input line 191.


Package natbib Warning: Citation `??' on page 1 undefined on input line 196.


Package natbib Warning: Citation `??' on page 1 undefined on input line 197.


Package natbib Warning: Citation `??' on page 1 undefined on input line 198.


Package natbib Warning: Citation `??' on page 1 undefined on input line 202.


Package natbib Warning: Citation `??' on page 1 undefined on input line 205.


Package natbib Warning: Citation `??' on page 1 undefined on input line 206.


Package natbib Warning: Citation `??' on page 1 undefined on input line 207.


Underfull \hbox (badness 1102) in paragraph at lines 215--238
[]\OT1/ptm/m/n/10 Several clas-si-cal molec-u-lar dy-nam-ics (MD) sim-u-la-tion

 []

[1{/sw/var/lib/texmf/fonts/map/pdftex/updmap/pdftex.map}]

Package natbib Warning: Citation `??' on page 2 undefined on input line 301.


Package natbib Warning: Citation `??' on page 2 undefined on input line 302.

[2] [3]
Underfull \hbox (badness 10000) in paragraph at lines 352--364
[]\OT1/ptm/m/n/10 Molecular dy-nam-ics sim-u-la-tion data was col-lected
 []


Underfull \hbox (badness 3049) in paragraph at lines 352--364
\OT1/ptm/m/n/10 lipids project blog ($\OT1/pcr/m/n/10 www . nmrlipids . blogspo
t . fi$\OT1/ptm/m/n/10 )
 []


Underfull \hbox (badness 10000) in paragraph at lines 352--364
\OT1/ptm/m/n/10 and the GitHub repos-i-tory ($\OT1/pcr/m/n/10 www . github . co
m /
 []


Underfull \hbox (badness 10000) in paragraph at lines 352--364
\OT1/pcr/m/n/10 NMRLipids / NMRlipidsIVotherHGs$\OT1/ptm/m/n/10 ) were used
 []


Underfull \hbox (badness 2753) in paragraph at lines 352--364
\OT1/ptm/m/n/10 as the com-mu-ni-ca-tion plat-forms. The sim-u-lated sys-
 []


Underfull \hbox (badness 2460) in paragraph at lines 352--364
\OT1/ptm/m/n/10 tems are listed in Ta-bles I[] (pure PS sys-tems with-out
 []


Underfull \hbox (badness 4595) in paragraph at lines 352--364
\OT1/ptm/m/n/10 i-ous ions con-cen-tra-tions). Fur-ther sim-u-la-tion de-tails
 []


Underfull \hbox (badness 10000) in paragraph at lines 352--364
\OT1/ptm/m/n/10 in the search-able database ($\OT1/pcr/m/n/10 www . nmrlipids .
 fi$\OT1/ptm/m/n/10 ),
 []


Underfull \hbox (badness 10000) in paragraph at lines 352--364
\OT1/ptm/m/n/10 and in the NM-R-lipids/MATCH GitHub repos-i-tory
 []

[4] <../Figs/fig1_POPS.pdf, id=26, 291.09132pt x 365.34282pt>
File: ../Figs/fig1_POPS.pdf Graphic file (type pdf)

<use ../Figs/fig1_POPS.pdf>
Package pdftex.def Info: ../Figs/fig1_POPS.pdf used on input line 437.
(pdftex.def)             Requested size: 241.84842pt x 303.54663pt.

<../Figs/PCPScomp-eps-converted-to.pdf, id=27, 956.57375pt x 1031.855pt>
File: ../Figs/PCPScomp-eps-converted-to.pdf Graphic file (type pdf)

<use ../Figs/PCPScomp-eps-converted-to.pdf>
Package pdftex.def Info: ../Figs/PCPScomp-eps-converted-to.pdf used on input li
ne 450.
(pdftex.def)             Requested size: 256.0748pt x 276.2271pt.

Overfull \hbox (10.0748pt too wide) in paragraph at lines 450--451
 [][] 
 []


LaTeX Warning: No positions in optional float specifier.
               Default added (so using `tbp') on input line 484.

<../Figs/HGorderparametersPS.pdf, id=28, 284.06125pt x 597.23125pt>
File: ../Figs/HGorderparametersPS.pdf Graphic file (type pdf)

<use ../Figs/HGorderparametersPS.pdf>
Package pdftex.def Info: ../Figs/HGorderparametersPS.pdf used on input line 486
.
(pdftex.def)             Requested size: 256.0748pt x 538.44179pt.

Overfull \hbox (10.0748pt too wide) in paragraph at lines 486--487
 [][] 
 []


LaTeX Warning: Float too large for page by 16.89021pt on input line 501.

[5 <../Figs/fig1_POPS.pdf> <../Figs/PCPScomp-eps-converted-to.pdf>]

LaTeX Warning: A float is stuck (cannot be placed); try class option [floatfix]
 on input line 514.


LaTeX Warning: No positions in optional float specifier.
               Default added (so using `tbp') on input line 520.

Package epstopdf Info: Source file: <../Figs/structures.eps>
(epstopdf)                    date: 2019-02-01 12:33:25
(epstopdf)                    size: 432715 bytes
(epstopdf)             Output file: <../Figs/structures-eps-converted-to.pdf>
(epstopdf)                    date: 2019-02-01 12:33:25
(epstopdf)                    size: 162207 bytes
(epstopdf)             Command: <repstopdf --outfile=../Figs/structures-eps-con
verted-to.pdf ../Figs/structures.eps>
(epstopdf)             \includegraphics on input line 522.
Package epstopdf Info: Output file is already uptodate.


pdfTeX warning: /sw/bin/pdflatex (file ../Figs/structures-eps-converted-to.pdf)
: PDF inclusion: found PDF version <1.7>, but at most version <1.5> allowed
<../Figs/structures-eps-converted-to.pdf, id=113, 787.94376pt x 772.8875pt>
File: ../Figs/structures-eps-converted-to.pdf Graphic file (type pdf)

<use ../Figs/structures-eps-converted-to.pdf>
Package pdftex.def Info: ../Figs/structures-eps-converted-to.pdf used on input 
line 522.
(pdftex.def)             Requested size: 256.0748pt x 251.17366pt.

Overfull \hbox (10.0748pt too wide) in paragraph at lines 522--523
 [][] 
 []


LaTeX Warning: No positions in optional float specifier.
               Default added (so using `tbp') on input line 533.

<../Figs/comparisonTablePS.pdf, id=114, 463.70073pt x 718.24635pt>
File: ../Figs/comparisonTablePS.pdf Graphic file (type pdf)

<use ../Figs/comparisonTablePS.pdf>
Package pdftex.def Info: ../Figs/comparisonTablePS.pdf used on input line 535.
(pdftex.def)             Requested size: 256.0748pt x 396.64777pt.

Overfull \hbox (10.0748pt too wide) in paragraph at lines 535--536
 [][] 
 []

Missing character: There is no Ã in font ptmr7t!
Missing character: There is no ’ in font ptmr7t!
Missing character: There is no Ã in font ptmr7t!
Missing character: There is no “ in font ptmr7t!
Missing character: There is no Ã in font ptmr7t!
Missing character: There is no ’ in font ptmr7t!
Missing character: There is no Ã in font ptmr7t!
Missing character: There is no “ in font ptmr7t!
Missing character: There is no Ã in font ptmr7t!
Missing character: There is no ’ in font ptmr7t!
Missing character: There is no Ã in font ptmr7t!
Missing character: There is no “ in font ptmr7t!
Missing character: There is no Ã in font ptmr7t!
Missing character: There is no ’ in font ptmr7t!
Missing character: There is no Ã in font ptmr7t!
Missing character: There is no “ in font ptmr7t!
Missing character: There is no Ã in font ptmr7t!
Missing character: There is no ’ in font ptmr7t!
Missing character: There is no Ã in font ptmr7t!
Missing character: There is no “ in font ptmr7t!
Missing character: There is no Ã in font ptmr7t!
Missing character: There is no ’ in font ptmr7t!
Missing character: There is no Ã in font ptmr7t!
Missing character: There is no “ in font ptmr7t!
Missing character: There is no Ã in font ptmr7t!
Missing character: There is no ’ in font ptmr7t!
Missing character: There is no Ã in font ptmr7t!
Missing character: There is no “ in font ptmr7t!
Missing character: There is no Ã in font ptmr7t!
Missing character: There is no ’ in font ptmr7t!
Missing character: There is no Ã in font ptmr7t!
Missing character: There is no “ in font ptmr7t!
Missing character: There is no Ã in font ptmr7t!
Missing character: There is no ’ in font ptmr7t!
Missing character: There is no Ã in font ptmr7t!
Missing character: There is no “ in font ptmr7t!
Missing character: There is no Ã in font ptmr7t!
Missing character: There is no ’ in font ptmr7t!
Missing character: There is no Ã in font ptmr7t!
Missing character: There is no “ in font ptmr7t!
Missing character: There is no Ã in font ptmr7t!
Missing character: There is no ’ in font ptmr7t!
Missing character: There is no Ã in font ptmr7t!
Missing character: There is no “ in font ptmr7t!
Missing character: There is no Ã in font ptmr7t!
Missing character: There is no ’ in font ptmr7t!
Missing character: There is no Ã in font ptmr7t!
Missing character: There is no “ in font ptmr7t!
Package epstopdf Info: Source file: <../Figs/NAdensPOPS.eps>
(epstopdf)                    date: 2019-02-01 12:33:25
(epstopdf)                    size: 54118 bytes
(epstopdf)             Output file: <../Figs/NAdensPOPS-eps-converted-to.pdf>
(epstopdf)                    date: 2019-02-01 12:33:25
(epstopdf)                    size: 15103 bytes
(epstopdf)             Command: <repstopdf --outfile=../Figs/NAdensPOPS-eps-con
verted-to.pdf ../Figs/NAdensPOPS.eps>
(epstopdf)             \includegraphics on input line 552.
Package epstopdf Info: Output file is already uptodate.


pdfTeX warning: /sw/bin/pdflatex (file ../Figs/NAdensPOPS-eps-converted-to.pdf)
: PDF inclusion: found PDF version <1.7>, but at most version <1.5> allowed
<../Figs/NAdensPOPS-eps-converted-to.pdf, id=115, 505.89pt x 939.51pt>
File: ../Figs/NAdensPOPS-eps-converted-to.pdf Graphic file (type pdf)

<use ../Figs/NAdensPOPS-eps-converted-to.pdf>
Package pdftex.def Info: ../Figs/NAdensPOPS-eps-converted-to.pdf used on input 
line 552.
(pdftex.def)             Requested size: 256.0748pt x 475.57416pt.

Overfull \hbox (10.0748pt too wide) in paragraph at lines 552--553
 [][] 
 []


Underfull \hbox (badness 1337) in paragraph at lines 561--581
\OT1/ptm/m/n/10 cuses only on the head-group ($\OML/cmm/m/it/10 $ \OT1/ptm/m/n
/10 and $\OML/cmm/m/it/10 ^^L$\OT1/ptm/m/n/10 ) or-der pa-ram-e-
 []

[6 <../Figs/HGorderparametersPS.pdf> <../Figs/structures-eps-converted-to.pdf>]

LaTeX Warning: A float is stuck (cannot be placed); try class option [floatfix]
 on input line 581.

Package epstopdf Info: Source file: <../Figs/HGorderparametersPCvsPS.eps>
(epstopdf)                    date: 2019-02-01 12:33:25
(epstopdf)                    size: 27998 bytes
(epstopdf)             Output file: <../Figs/HGorderparametersPCvsPS-eps-conver
ted-to.pdf>
(epstopdf)                    date: 2019-02-01 12:33:25
(epstopdf)                    size: 11357 bytes
(epstopdf)             Command: <repstopdf --outfile=../Figs/HGorderparametersP
CvsPS-eps-converted-to.pdf ../Figs/HGorderparametersPCvsPS.eps>
(epstopdf)             \includegraphics on input line 599.
Package epstopdf Info: Output file is already uptodate.


pdfTeX warning: /sw/bin/pdflatex (file ../Figs/HGorderparametersPCvsPS-eps-conv
erted-to.pdf): PDF inclusion: found PDF version <1.7>, but at most version <1.5
> allowed

<../Figs/HGorderparametersPCvsPS-eps-converted-to.pdf, id=159, 505.89pt x 722.7
pt>
File: ../Figs/HGorderparametersPCvsPS-eps-converted-to.pdf Graphic file (type p
df)
 <use ../Figs/HGorderparametersPCvsPS-eps-converted-to.pdf>
Package pdftex.def Info: ../Figs/HGorderparametersPCvsPS-eps-converted-to.pdf u
sed on input line 599.
(pdftex.def)             Requested size: 227.62204pt x 325.17891pt.
Package epstopdf Info: Source file: <../Figs/HGorderparametersPSvsPC.eps>
(epstopdf)                    date: 2019-02-01 12:33:25
(epstopdf)                    size: 32762 bytes
(epstopdf)             Output file: <../Figs/HGorderparametersPSvsPC-eps-conver
ted-to.pdf>
(epstopdf)                    date: 2019-02-01 12:33:25
(epstopdf)                    size: 12279 bytes
(epstopdf)             Command: <repstopdf --outfile=../Figs/HGorderparametersP
SvsPC-eps-converted-to.pdf ../Figs/HGorderparametersPSvsPC.eps>
(epstopdf)             \includegraphics on input line 610.
Package epstopdf Info: Output file is already uptodate.


pdfTeX warning: /sw/bin/pdflatex (file ../Figs/HGorderparametersPSvsPC-eps-conv
erted-to.pdf): PDF inclusion: found PDF version <1.7>, but at most version <1.5
> allowed

<../Figs/HGorderparametersPSvsPC-eps-converted-to.pdf, id=160, 505.89pt x 722.7
pt>
File: ../Figs/HGorderparametersPSvsPC-eps-converted-to.pdf Graphic file (type p
df)
 <use ../Figs/HGorderparametersPSvsPC-eps-converted-to.pdf>
Package pdftex.def Info: ../Figs/HGorderparametersPSvsPC-eps-converted-to.pdf u
sed on input line 610.
(pdftex.def)             Requested size: 227.62204pt x 325.17891pt.


LaTeX Warning: Command \r invalid in math mode on input line 635.


LaTeX Warning: Command \r invalid in math mode on input line 644.


LaTeX Warning: Command \r invalid in math mode on input line 644.

[7 <../Figs/comparisonTablePS.pdf> <../Figs/NAdensPOPS-eps-converted-to.pdf>]

LaTeX Warning: A float is stuck (cannot be placed); try class option [floatfix]
 on input line 649.

Package epstopdf Info: Source file: <../Figs/CHANGESwithCaClPS.eps>
(epstopdf)                    date: 2019-02-01 12:33:25
(epstopdf)                    size: 46254 bytes
(epstopdf)             Output file: <../Figs/CHANGESwithCaClPS-eps-converted-to
.pdf>
(epstopdf)                    date: 2019-02-01 12:33:25
(epstopdf)                    size: 23858 bytes
(epstopdf)             Command: <repstopdf --outfile=../Figs/CHANGESwithCaClPS-
eps-converted-to.pdf ../Figs/CHANGESwithCaClPS.eps>
(epstopdf)             \includegraphics on input line 652.
Package epstopdf Info: Output file is already uptodate.


pdfTeX warning: /sw/bin/pdflatex (file ../Figs/CHANGESwithCaClPS-eps-converted-
to.pdf): PDF inclusion: found PDF version <1.7>, but at most version <1.5> allo
wed
<../Figs/CHANGESwithCaClPS-eps-converted-to.pdf, id=217, 1011.78pt x 722.7pt>
File: ../Figs/CHANGESwithCaClPS-eps-converted-to.pdf Graphic file (type pdf)

<use ../Figs/CHANGESwithCaClPS-eps-converted-to.pdf>
Package pdftex.def Info: ../Figs/CHANGESwithCaClPS-eps-converted-to.pdf used on
 input line 652.
(pdftex.def)             Requested size: 512.1496pt x 365.82626pt.

Overfull \hbox (2.1496pt too wide) in paragraph at lines 652--653
 [][] 
 []

[8 <../Figs/HGorderparametersPCvsPS-eps-converted-to.pdf> <../Figs/HGorderparam
etersPSvsPC-eps-converted-to.pdf>] [9 <../Figs/CHANGESwithCaClPS-eps-converted-
to.pdf>]
Package epstopdf Info: Source file: <../Figs/CAdensPCPSmixtureLOWcons.eps>
(epstopdf)                    date: 2019-02-01 12:33:25
(epstopdf)                    size: 33410 bytes
(epstopdf)             Output file: <../Figs/CAdensPCPSmixtureLOWcons-eps-conve
rted-to.pdf>
(epstopdf)                    date: 2019-02-01 12:33:25
(epstopdf)                    size: 10184 bytes
(epstopdf)             Command: <repstopdf --outfile=../Figs/CAdensPCPSmixtureL
OWcons-eps-converted-to.pdf ../Figs/CAdensPCPSmixtureLOWcons.eps>
(epstopdf)             \includegraphics on input line 710.
Package epstopdf Info: Output file is already uptodate.


pdfTeX warning: /sw/bin/pdflatex (file ../Figs/CAdensPCPSmixtureLOWcons-eps-con
verted-to.pdf): PDF inclusion: found PDF version <1.7>, but at most version <1.
5> allowed

<../Figs/CAdensPCPSmixtureLOWcons-eps-converted-to.pdf, id=251, 505.89pt x 578.
16pt>
File: ../Figs/CAdensPCPSmixtureLOWcons-eps-converted-to.pdf Graphic file (type 
pdf)
 <use ../Figs/CAdensPCPSmixtureLOWcons-eps-converted-to.pdf>
Package pdftex.def Info: ../Figs/CAdensPCPSmixtureLOWcons-eps-converted-to.pdf 
used on input line 710.
(pdftex.def)             Requested size: 256.0748pt x 292.66101pt.

Overfull \hbox (10.0748pt too wide) in paragraph at lines 710--711
 [][] 
 []

[10 <../Figs/CAdensPCPSmixtureLOWcons-eps-converted-to.pdf>]
(./manuscriptPS.bbl
Underfull \hbox (badness 4036) in paragraph at lines 87--92
 []\OT1/ptm/m/n/9 R. J. Kur-land, Bio-chem-i-cal and Bio-phys-i-cal Re-search
 []


Underfull \hbox (badness 5681) in paragraph at lines 87--92
 \OT1/ptm/m/n/9 Com-mu-ni-ca-tions \OT1/ptm/b/n/9 88\OT1/ptm/m/n/9 , 927  (1979
), ISSN 0006-291X,
 []

[11]
Missing character: There is no Ã in font ptmr7t!
Missing character: There is no ³ in font ptmr7t!
Missing character: There is no Ã in font ptmr7t!
Missing character: There is no ­ in font ptmr7t!
Missing character: There is no Ã in font ptmr7t!
Missing character: There is no ­ in font ptmr7t!
Missing character: There is no Ã in font ptmr7t!
Missing character: There is no ­ in font ptmr7t!
Missing character: There is no Ã in font ptmr7t!
Missing character: There is no ­ in font ptmr7t!
Missing character: There is no Å in font ptmr7t!
Missing character: There is no ¡ in font ptmr7t!
Missing character: There is no Ã in font ptmr7t!
Missing character: There is no ¡ in font ptmr7t!

Underfull \hbox (badness 10000) in paragraph at lines 481--492
 \OT1/ptm/m/n/9 URL $\OT1/pcr/m/n/9 https : / / doi . org / 10 . 1021 / acs . b
iochem .
 []

[12]
Underfull \hbox (badness 4403) in paragraph at lines 597--602
 []\OT1/ptm/m/n/9 J. J. Mad-sen, \OT1/ptm/m/it/9 MD sim-u-la-tions of bi-lay-er
s con-tain-ing
 []


Underfull \hbox (badness 3029) in paragraph at lines 616--621
 \OT1/ptm/m/it/9 mix-tures and CaCl[]2: 250POPC[]50POPS[]0.15MCaCl[]2
 []


Underfull \hbox (badness 4403) in paragraph at lines 623--628
 []\OT1/ptm/m/n/9 J. J. Mad-sen, \OT1/ptm/m/it/9 MD sim-u-la-tions of bi-lay-er
s con-tain-ing
 []


Underfull \hbox (badness 4403) in paragraph at lines 630--635
 []\OT1/ptm/m/n/9 J. J. Mad-sen, \OT1/ptm/m/it/9 MD sim-u-la-tions of bi-lay-er
s con-tain-ing
 []


Underfull \hbox (badness 1033) in paragraph at lines 630--635
 \OT1/ptm/m/it/9 PC/PS mix-tures and CaCl[]2: 250POPC[]50POPS[]neutral
 []


Underfull \hbox (badness 5741) in paragraph at lines 637--641
 \OT1/ptm/m/it/9 cacl[]2. \OT1/ptm/m/n/9 (2017), URL $\OT1/pcr/m/n/9 https : / 
/ doi . org / 10 . 5281 /
 []


Underfull \hbox (badness 1028) in paragraph at lines 718--722
 \OT1/ptm/m/it/9 model at 310K \OT1/ptm/m/n/9 (2018), URL $\OT1/pcr/m/n/9 https
 : / / doi . org / 10 .
 []


Underfull \hbox (badness 10000) in paragraph at lines 806--814
 []\OT1/ptm/m/n/9 N. Michaud-Agrawal, E. J. Den-ning, T. B.
 []


Underfull \hbox (badness 10000) in paragraph at lines 806--814
 \OT1/ptm/m/n/9 Woolf, and O. Beck-stein, Jour-nal of Com-
 []


Underfull \hbox (badness 10000) in paragraph at lines 806--814
 \OT1/ptm/m/n/9 pu-ta-tional Chem-istry \OT1/ptm/b/n/9 32\OT1/ptm/m/n/9 , 2319 
(2011),
 []


Underfull \hbox (badness 10000) in paragraph at lines 806--814
 \OT1/ptm/m/n/9 https://onlinelibrary.wiley.com/doi/pdf/10.1002/jcc.21787,
 []


Underfull \hbox (badness 10000) in paragraph at lines 806--814
 \OT1/ptm/m/n/9 URL $\OT1/pcr/m/n/9 https : / / onlinelibrary . wiley . com / d
oi /
 []

Missing character: There is no Å in font ptmr7t!
Missing character: There is no „ in font ptmr7t!
Missing character: There is no Ã in font ptmr7t!
Missing character: There is no © in font ptmr7t!
[13]) (./manuscriptPS.lod
Underfull \hbox (badness 10000) in paragraph at lines 11--11
[][] \OT1/ptm/m/n/10 11. Up-com-ing sim-u-la-tions with orig-i-nal 
 []


Underfull \hbox (badness 3601) in paragraph at lines 11--11
\OT1/ptm/m/n/10 CHARMM36 have been men-tioned in the blog: 
 []


Underfull \hbox (badness 10000) in paragraph at lines 11--11
\OT1/ptm/m/n/10 http://nmrlipids.blogspot.com/2017/12/nmrlipids-iv- 
 []


Overfull \hbox (114.86794pt too wide) in paragraph at lines 11--11
\OT1/ptm/m/n/10 current-status-and.html?showComment=1520090718976#c556926939170
7740056. 
 []

)
\tf@lod=\write3
\openout3 = `manuscriptPS.lod'.



Package natbib Warning: There were undefined citations.

[14] (./manuscriptPS.aux) ) 
Here is how much of TeX's memory you used:
 5662 strings out of 493117
 79030 string characters out of 6141650
 189382 words of memory out of 5000000
 9008 multiletter control sequences out of 15000+600000
 29128 words of font info for 58 fonts, out of 8000000 for 9000
 1141 hyphenation exceptions out of 8191
 42i,15n,27p,1113b,522s stack positions out of 5000i,500n,10000p,200000b,80000s
{/sw/share/texmf-dist/fonts/enc/dvips/base/8r.enc}</
sw/share/texmf-dist/fonts/type1/public/amsfonts/cm/cmmi10.pfb></sw/share/texmf-
dist/fonts/type1/public/amsfonts/cm/cmmi6.pfb></sw/share/texmf-dist/fonts/type1
/public/amsfonts/cm/cmmi7.pfb></sw/share/texmf-dist/fonts/type1/public/amsfonts
/cm/cmmi9.pfb></sw/share/texmf-dist/fonts/type1/public/amsfonts/cm/cmr10.pfb></
sw/share/texmf-dist/fonts/type1/public/amsfonts/cm/cmr6.pfb></sw/share/texmf-di
st/fonts/type1/public/amsfonts/cm/cmr7.pfb></sw/share/texmf-dist/fonts/type1/pu
blic/amsfonts/cm/cmr9.pfb></sw/share/texmf-dist/fonts/type1/public/amsfonts/cm/
cmsy10.pfb></sw/share/texmf-dist/fonts/type1/public/amsfonts/cm/cmsy6.pfb></sw/
share/texmf-dist/fonts/type1/public/amsfonts/cm/cmsy7.pfb></sw/share/texmf-dist
/fonts/type1/public/amsfonts/cm/cmsy9.pfb></sw/share/texmf-dist/fonts/type1/urw
/courier/ucrr8a.pfb></sw/share/texmf-dist/fonts/type1/urw/times/utmb8a.pfb></sw
/share/texmf-dist/fonts/type1/urw/times/utmr8a.pfb></sw/share/texmf-dist/fonts/
type1/urw/times/utmri8a.pfb>
Output written on manuscriptPS.pdf (14 pages, 1991752 bytes).
PDF statistics:
 327 PDF objects out of 1000 (max. 8388607)
 225 compressed objects within 3 object streams
 0 named destinations out of 1000 (max. 500000)
 51 words of extra memory for PDF output out of 10000 (max. 10000000)

