This is pdfTeX, Version 3.14159265-2.6-1.40.15 (TeX Live 2014/Fink) (preloaded format=pdflatex 2017.9.25)  12 DEC 2017 08:20
entering extended mode
 restricted \write18 enabled.
 file:line:error style messages enabled.
 %&-line parsing enabled.
**manuscript.tex
(./manuscript.tex
LaTeX2e <2014/05/01>
Babel <3.9k> and hyphenation patterns for 78 languages loaded.
(/sw/share/texmf-dist/tex/latex/revtex4/revtex4.cls
Document Class: revtex4 2001/08/02 v4.0 (http://publish.aps.org/revtex4/ for do
cumentation)
 Copyright (c) 2001 The American Physical Society.
 mailto:revtex@aps.org
 Licensed under the LPPL:
http://www.ctan.org/tex-archive/macros/latex/base/lppl.txt
 Arthur Ogawa <ogawa@teleport.com>
 Based on work by David Carlisle <david@dcarlisle.demon.co.uk>.
ltxutil: portions licensed from W. E. Baxter (web@superscript.com)
Class revtex4 Info: Repairing broken LateX \@sect on input line 596.
\intertabularlinepenalty=\count79
\@tbpen=\count80
\@arstrutbox@hline=\box26
Class revtex4 Info: Repairing broken LaTeX \@xbitor on input line 1610.
ltxgrid: portions licensed from W. E. Baxter (web@superscript.com)
\c@linecount=\count81
\output=\toks14
\@protection@box=\box27
\@topmark@saved=\toks15
\footins@saved=\box28
\pagesofar=\box29
\footbox=\box30
\pagegrid@col=\count82
Class revtex4 Info: Incorporating package {textcase}  [1998/11/12 v0.06 Text on
ly upper/lower case changing (DPC)]. on input line 3682.
(/sw/share/texmf-dist/tex/latex/url/url.sty
\Urlmuskip=\muskip10
Package: url 2013/09/16  ver 3.4  Verb mode for urls, etc.
)
\c@affil=\count83
\absbox=\box31
\c@part=\count84
\c@section=\count85
\c@subsection=\count86
\c@subsubsection=\count87
\c@paragraph=\count88
\c@subparagraph=\count89
\abovecaptionskip=\skip41
\belowcaptionskip=\skip42
\c@figure=\count90
\c@table=\count91

(/sw/share/texmf-dist/tex/latex/natbib/natbib.sty
Package: natbib 2010/09/13 8.31b (PWD, AO)
\bibhang=\skip43
\bibsep=\skip44
LaTeX Info: Redefining \cite on input line 694.
\c@NAT@ctr=\count92
)
\widetext@top=\box32
\widetext@bot=\box33

(/sw/share/texmf-dist/tex/latex/revtex4/revsymb.sty
Package: revsymb 2001/08/02 v4.0 (http://publish.aps.org/revtex4/ for documenta
tion)
LaTeX Info: Redefining \REV@mathfrak on input line 118.
))
(/sw/share/texmf-dist/tex/latex/revtex4/aps.rtx
File: aps.rtx 2001/08/02 v4.0 (http://publish.aps.org/revtex4/ for documentatio
n)
)
(/sw/share/texmf-dist/tex/latex/revtex4/10pt.rtx
File: 10pt.rtx 2001/08/02 v4.0 (http://publish.aps.org/revtex4/ for documentati
on)
)
(/sw/share/texmf-dist/tex/latex/rotating/rotating.sty
Package: rotating 2009/03/28 v2.16a rotated objects in LaTeX

(/sw/share/texmf-dist/tex/latex/graphics/graphicx.sty
Package: graphicx 2014/04/25 v1.0g Enhanced LaTeX Graphics (DPC,SPQR)

(/sw/share/texmf-dist/tex/latex/graphics/keyval.sty
Package: keyval 2014/05/08 v1.15 key=value parser (DPC)
\KV@toks@=\toks16
)
(/sw/share/texmf-dist/tex/latex/graphics/graphics.sty
Package: graphics 2009/02/05 v1.0o Standard LaTeX Graphics (DPC,SPQR)

(/sw/share/texmf-dist/tex/latex/graphics/trig.sty
Package: trig 1999/03/16 v1.09 sin cos tan (DPC)
)
(/sw/share/texmf-dist/tex/latex/latexconfig/graphics.cfg
File: graphics.cfg 2010/04/23 v1.9 graphics configuration of TeX Live
)
Package graphics Info: Driver file: pdftex.def on input line 91.

(/sw/share/texmf-dist/tex/latex/pdftex-def/pdftex.def
File: pdftex.def 2011/05/27 v0.06d Graphics/color for pdfTeX

(/sw/share/texmf-dist/tex/generic/oberdiek/infwarerr.sty
Package: infwarerr 2010/04/08 v1.3 Providing info/warning/error messages (HO)
)
(/sw/share/texmf-dist/tex/generic/oberdiek/ltxcmds.sty
Package: ltxcmds 2011/11/09 v1.22 LaTeX kernel commands for general use (HO)
)
\Gread@gobject=\count93
))
\Gin@req@height=\dimen102
\Gin@req@width=\dimen103
)
(/sw/share/texmf-dist/tex/latex/base/ifthen.sty
Package: ifthen 2001/05/26 v1.1c Standard LaTeX ifthen package (DPC)
)
\c@r@tfl@t=\count94
\rotFPtop=\skip45
\rotFPbot=\skip46
\rot@float@box=\box34
\rot@mess@toks=\toks17
)
(/sw/share/texmf-dist/tex/latex/psnfss/times.sty
Package: times 2005/04/12 PSNFSS-v9.2a (SPQR) 
)
(/sw/share/texmf-dist/tex/latex/setspace/setspace.sty
Package: setspace 2011/12/19 v6.7a set line spacing
)
(/sw/share/texmf-dist/tex/latex/amsmath/amsmath.sty
Package: amsmath 2013/01/14 v2.14 AMS math features
\@mathmargin=\skip47

For additional information on amsmath, use the `?' option.
(/sw/share/texmf-dist/tex/latex/amsmath/amstext.sty
Package: amstext 2000/06/29 v2.01

(/sw/share/texmf-dist/tex/latex/amsmath/amsgen.sty
File: amsgen.sty 1999/11/30 v2.0
\@emptytoks=\toks18
\ex@=\dimen104
))
(/sw/share/texmf-dist/tex/latex/amsmath/amsbsy.sty
Package: amsbsy 1999/11/29 v1.2d
\pmbraise@=\dimen105
)
(/sw/share/texmf-dist/tex/latex/amsmath/amsopn.sty
Package: amsopn 1999/12/14 v2.01 operator names
)
\inf@bad=\count95
LaTeX Info: Redefining \frac on input line 210.
\uproot@=\count96
\leftroot@=\count97
LaTeX Info: Redefining \overline on input line 306.
\classnum@=\count98
\DOTSCASE@=\count99
LaTeX Info: Redefining \ldots on input line 378.
LaTeX Info: Redefining \dots on input line 381.
LaTeX Info: Redefining \cdots on input line 466.
\Mathstrutbox@=\box35
\strutbox@=\box36
\big@size=\dimen106
LaTeX Font Info:    Redeclaring font encoding OML on input line 566.
LaTeX Font Info:    Redeclaring font encoding OMS on input line 567.
\macc@depth=\count100
\c@MaxMatrixCols=\count101
\dotsspace@=\muskip11
\c@parentequation=\count102
\dspbrk@lvl=\count103
\tag@help=\toks19
\row@=\count104
\column@=\count105
\maxfields@=\count106
\andhelp@=\toks20
\eqnshift@=\dimen107
\alignsep@=\dimen108
\tagshift@=\dimen109
\tagwidth@=\dimen110
\totwidth@=\dimen111
\lineht@=\dimen112
\@envbody=\toks21
\multlinegap=\skip48
\multlinetaggap=\skip49
\mathdisplay@stack=\toks22
LaTeX Info: Redefining \[ on input line 2665.
LaTeX Info: Redefining \] on input line 2666.
)
(/sw/share/texmf-dist/tex/latex/oberdiek/epstopdf.sty
Package: epstopdf 2010/02/09 v2.5 Conversion with epstopdf on the fly (HO)

(/sw/share/texmf-dist/tex/latex/oberdiek/epstopdf-base.sty
Package: epstopdf-base 2010/02/09 v2.5 Base part for package epstopdf

(/sw/share/texmf-dist/tex/latex/oberdiek/grfext.sty
Package: grfext 2010/08/19 v1.1 Manage graphics extensions (HO)

(/sw/share/texmf-dist/tex/generic/oberdiek/kvdefinekeys.sty
Package: kvdefinekeys 2011/04/07 v1.3 Define keys (HO)
))
(/sw/share/texmf-dist/tex/latex/oberdiek/kvoptions.sty
Package: kvoptions 2011/06/30 v3.11 Key value format for package options (HO)

(/sw/share/texmf-dist/tex/generic/oberdiek/kvsetkeys.sty
Package: kvsetkeys 2012/04/25 v1.16 Key value parser (HO)

(/sw/share/texmf-dist/tex/generic/oberdiek/etexcmds.sty
Package: etexcmds 2011/02/16 v1.5 Avoid name clashes with e-TeX commands (HO)

(/sw/share/texmf-dist/tex/generic/oberdiek/ifluatex.sty
Package: ifluatex 2010/03/01 v1.3 Provides the ifluatex switch (HO)
Package ifluatex Info: LuaTeX not detected.
)
Package etexcmds Info: Could not find \expanded.
(etexcmds)             That can mean that you are not using pdfTeX 1.50 or
(etexcmds)             that some package has redefined \expanded.
(etexcmds)             In the latter case, load this package earlier.
)))
(/sw/share/texmf-dist/tex/generic/oberdiek/pdftexcmds.sty
Package: pdftexcmds 2011/11/29 v0.20 Utility functions of pdfTeX for LuaTeX (HO
)

(/sw/share/texmf-dist/tex/generic/oberdiek/ifpdf.sty
Package: ifpdf 2011/01/30 v2.3 Provides the ifpdf switch (HO)
Package ifpdf Info: pdfTeX in PDF mode is detected.
)
Package pdftexcmds Info: LuaTeX not detected.
Package pdftexcmds Info: \pdf@primitive is available.
Package pdftexcmds Info: \pdf@ifprimitive is available.
Package pdftexcmds Info: \pdfdraftmode found.
)
Package grfext Info: Graphics extension search list:
(grfext)             [.png,.pdf,.jpg,.mps,.jpeg,.jbig2,.jb2,.PNG,.PDF,.JPG,.JPE
G,.JBIG2,.JB2,.eps]
(grfext)             \AppendGraphicsExtensions on input line 452.

(/sw/share/texmf-dist/tex/latex/latexconfig/epstopdf-sys.cfg
File: epstopdf-sys.cfg 2010/07/13 v1.3 Configuration of (r)epstopdf for TeX Liv
e
)))
(/sw/share/texmf-dist/tex/latex/easy-todo/easy-todo.sty
Package: easy-todo 2014/01/01

(/sw/share/texmf-dist/tex/latex/graphics/color.sty
Package: color 2014/04/23 v1.1a Standard LaTeX Color (DPC)

(/sw/share/texmf-dist/tex/latex/latexconfig/color.cfg
File: color.cfg 2007/01/18 v1.5 color configuration of teTeX/TeXLive
)
Package color Info: Driver file: pdftex.def on input line 137.
)
(/sw/share/texmf-dist/tex/latex/tocloft/tocloft.sty
Package: tocloft 2013/05/02 v2.3f parameterised ToC, etc., typesetting
Package tocloft Info: The document has section divisions on input line 44.
\cftparskip=\skip50
\cftbeforetoctitleskip=\skip51
\cftaftertoctitleskip=\skip52
\cftbeforepartskip=\skip53
\cftpartnumwidth=\skip54
\cftpartindent=\skip55
\cftbeforesecskip=\skip56
\cftsecindent=\skip57
\cftsecnumwidth=\skip58
\cftbeforesubsecskip=\skip59
\cftsubsecindent=\skip60
\cftsubsecnumwidth=\skip61
\cftbeforesubsubsecskip=\skip62
\cftsubsubsecindent=\skip63
\cftsubsubsecnumwidth=\skip64
\cftbeforeparaskip=\skip65
\cftparaindent=\skip66
\cftparanumwidth=\skip67
\cftbeforesubparaskip=\skip68
\cftsubparaindent=\skip69
\cftsubparanumwidth=\skip70
\cftbeforeloftitleskip=\skip71
\cftafterloftitleskip=\skip72
\cftbeforefigskip=\skip73
\cftfigindent=\skip74
\cftfignumwidth=\skip75
\c@lofdepth=\count107
\c@lotdepth=\count108
\cftbeforelottitleskip=\skip76
\cftafterlottitleskip=\skip77
\cftbeforetabskip=\skip78
\cfttabindent=\skip79
\cfttabnumwidth=\skip80
)
(/sw/share/texmf-dist/tex/latex/oberdiek/ifdraft.sty
Package: ifdraft 2008/08/11 v1.3 Detect class options draft and final (HO)
)
\c@todos=\count109
\cftbeforetodosskip=\skip81
\cfttodosindent=\skip82
\cfttodosnumwidth=\skip83
\c@loddepth=\count110
\cftbeforelodtitleskip=\skip84
\cftafterlodtitleskip=\skip85
)
(/sw/share/texmf-dist/tex/latex/csquotes/csquotes.sty
Package: csquotes 2011/10/22 v5.1d context-sensitive quotations

(/sw/share/texmf-dist/tex/latex/etoolbox/etoolbox.sty
Package: etoolbox 2011/01/03 v2.1 e-TeX tools for LaTeX

(/sw/share/texmf-dist/tex/latex/etex-pkg/etex.sty
Package: etex 1998/03/26 v2.0 eTeX basic definition package (PEB)
\et@xins=\count111
)
\etb@tempcnta=\count112
)
\csq@reset=\count113
\csq@gtype=\count114
\csq@glevel=\count115
\csq@qlevel=\count116
\csq@maxlvl=\count117
\csq@tshold=\count118
\csq@ltx@everypar=\toks23

(/sw/share/texmf-dist/tex/latex/csquotes/csquotes.def
File: csquotes.def 2011/10/22 v5.1d csquotes generic definitions
)
Package csquotes Info: Trying to load configuration file 'csquotes.cfg'...
Package csquotes Info: ... configuration file loaded successfully.

(/sw/share/texmf-dist/tex/latex/csquotes/csquotes.cfg
File: csquotes.cfg 
))
Package csquotes Info: Checking for multilingual support...
Package csquotes Info: ... none found.
 (./manuscript.aux)
\openout1 = `manuscript.aux'.

LaTeX Font Info:    Checking defaults for OML/cmm/m/it on input line 37.
LaTeX Font Info:    ... okay on input line 37.
LaTeX Font Info:    Checking defaults for T1/cmr/m/n on input line 37.
LaTeX Font Info:    ... okay on input line 37.
LaTeX Font Info:    Checking defaults for OT1/cmr/m/n on input line 37.
LaTeX Font Info:    ... okay on input line 37.
LaTeX Font Info:    Checking defaults for OMS/cmsy/m/n on input line 37.
LaTeX Font Info:    ... okay on input line 37.
LaTeX Font Info:    Checking defaults for OMX/cmex/m/n on input line 37.
LaTeX Font Info:    ... okay on input line 37.
LaTeX Font Info:    Checking defaults for U/cmr/m/n on input line 37.
LaTeX Font Info:    ... okay on input line 37.
LaTeX Font Info:    Try loading font information for OT1+ptm on input line 37.

(/sw/share/texmf-dist/tex/latex/psnfss/ot1ptm.fd
File: ot1ptm.fd 2001/06/04 font definitions for OT1/ptm.
)
Class revtex4 Info: Patching LaTeX tabular. on input line 37.
Class revtex4 Info: cite was not loaded (OK!) on input line 37.
Class revtex4 Info: multicol was not loaded (OK!) on input line 37.

(/sw/share/texmf-dist/tex/context/base/supp-pdf.mkii
[Loading MPS to PDF converter (version 2006.09.02).]
\scratchcounter=\count119
\scratchdimen=\dimen113
\scratchbox=\box37
\nofMPsegments=\count120
\nofMParguments=\count121
\everyMPshowfont=\toks24
\MPscratchCnt=\count122
\MPscratchDim=\dimen114
\MPnumerator=\count123
\makeMPintoPDFobject=\count124
\everyMPtoPDFconversion=\toks25
)
LaTeX Font Info:    Font shape `OT1/ptm/bx/n' in size <12> not available
(Font)              Font shape `OT1/ptm/b/n' tried instead on input line 80.
LaTeX Font Info:    Font shape `OT1/ptm/bx/n' in size <9> not available
(Font)              Font shape `OT1/ptm/b/n' tried instead on input line 87.


LaTeX Warning: No positions in optional float specifier.
               Default added (so using `tbp') on input line 149.

<../Figs/lipids.pdf, id=1, 505.89pt x 361.35pt>
File: ../Figs/lipids.pdf Graphic file (type pdf)
 <use ../Figs/lipids.pdf>
Package pdftex.def Info: ../Figs/lipids.pdf used on input line 151.
(pdftex.def)             Requested size: 256.0748pt x 182.91313pt.

Overfull \hbox (10.0748pt too wide) in paragraph at lines 151--152
 [][] 
 []


LaTeX Warning: No positions in optional float specifier.
               Default added (so using `tbp') on input line 162.

Package epstopdf Info: Source file: <../Figs/HGorderparameters.eps>
(epstopdf)                    date: 2017-12-06 10:28:21
(epstopdf)                    size: 24069 bytes
(epstopdf)             Output file: <../Figs/HGorderparameters-eps-converted-to
.pdf>
(epstopdf)                    date: 2017-12-06 10:28:21
(epstopdf)                    size: 8835 bytes
(epstopdf)             Command: <repstopdf --outfile=../Figs/HGorderparameters-
eps-converted-to.pdf ../Figs/HGorderparameters.eps>
(epstopdf)             \includegraphics on input line 164.
Package epstopdf Info: Output file is already uptodate.
<../Figs/HGorderparameters-eps-converted-to.pdf, id=2, 505.89pt x 361.35pt>
File: ../Figs/HGorderparameters-eps-converted-to.pdf Graphic file (type pdf)

<use ../Figs/HGorderparameters-eps-converted-to.pdf>
Package pdftex.def Info: ../Figs/HGorderparameters-eps-converted-to.pdf used on
 input line 164.
(pdftex.def)             Requested size: 256.0748pt x 182.91313pt.

Overfull \hbox (10.0748pt too wide) in paragraph at lines 164--165
 [][] 
 []

LaTeX Font Info:    Font shape `OT1/ptm/bx/n' in size <10> not available
(Font)              Font shape `OT1/ptm/b/n' tried instead on input line 183.

Package natbib Warning: Citation `??' on page 1 undefined on input line 183.

LaTeX Font Info:    Font shape `OT1/ptm/bx/n' in size <7> not available
(Font)              Font shape `OT1/ptm/b/n' tried instead on input line 183.
[1{/sw/var/lib/texmf/fonts/map/pdftex/updmap/pdftex.map} <../Figs/lipids.pdf> <
../Figs/HGorderparameters-eps-converted-to.pdf>]

LaTeX Warning: No positions in optional float specifier.
               Default added (so using `tbp') on input line 203.

Package epstopdf Info: Source file: <../Figs/HGorderparametersPE.eps>
(epstopdf)                    date: 2017-12-06 10:28:21
(epstopdf)                    size: 22377 bytes
(epstopdf)             Output file: <../Figs/HGorderparametersPE-eps-converted-
to.pdf>
(epstopdf)                    date: 2017-12-06 10:28:21
(epstopdf)                    size: 7960 bytes
(epstopdf)             Command: <repstopdf --outfile=../Figs/HGorderparametersP
E-eps-converted-to.pdf ../Figs/HGorderparametersPE.eps>
(epstopdf)             \includegraphics on input line 205.
Package epstopdf Info: Output file is already uptodate.

<../Figs/HGorderparametersPE-eps-converted-to.pdf, id=41, 505.89pt x 361.35pt>
File: ../Figs/HGorderparametersPE-eps-converted-to.pdf Graphic file (type pdf)

<use ../Figs/HGorderparametersPE-eps-converted-to.pdf>
Package pdftex.def Info: ../Figs/HGorderparametersPE-eps-converted-to.pdf used 
on input line 205.
(pdftex.def)             Requested size: 256.0748pt x 182.91313pt.

Overfull \hbox (10.0748pt too wide) in paragraph at lines 205--206
 [][] 
 []


Package natbib Warning: Citation `??' on page 2 undefined on input line 211.


Package natbib Warning: Citation `??' on page 2 undefined on input line 211.


LaTeX Warning: No positions in optional float specifier.
               Default added (so using `tbp') on input line 222.

<../Figs/HGorderparametersPS.pdf, id=42, 284.06125pt x 597.23125pt>
File: ../Figs/HGorderparametersPS.pdf Graphic file (type pdf)

<use ../Figs/HGorderparametersPS.pdf>
Package pdftex.def Info: ../Figs/HGorderparametersPS.pdf used on input line 224
.
(pdftex.def)             Requested size: 256.0748pt x 538.44179pt.

Overfull \hbox (10.0748pt too wide) in paragraph at lines 224--225
 [][] 
 []


LaTeX Warning: No positions in optional float specifier.
               Default added (so using `tbp') on input line 236.

<../Figs/comparisonTablePS.pdf, id=43, 459.37585pt x 423.78786pt>
File: ../Figs/comparisonTablePS.pdf Graphic file (type pdf)

<use ../Figs/comparisonTablePS.pdf>
Package pdftex.def Info: ../Figs/comparisonTablePS.pdf used on input line 238.
(pdftex.def)             Requested size: 256.0748pt x 236.24614pt.

Overfull \hbox (10.0748pt too wide) in paragraph at lines 238--239
 [][] 
 []

Missing character: There is no Ò in font ptmr7t!
Missing character: There is no Ó in font ptmr7t!
Missing character: There is no Ò in font ptmr7t!
Missing character: There is no Ó in font ptmr7t!
Missing character: There is no Ò in font ptmr7t!
Missing character: There is no Ó in font ptmr7t!
Missing character: There is no Ò in font ptmr7t!
Missing character: There is no Ó in font ptmr7t!
Missing character: There is no Ò in font ptmr7t!
Missing character: There is no Ó in font ptmr7t!
Missing character: There is no Ò in font ptmr7t!
Missing character: There is no Ó in font ptmr7t!
Missing character: There is no Ò in font ptmr7t!
Missing character: There is no Ó in font ptmr7t!
Missing character: There is no Ò in font ptmr7t!
Missing character: There is no Ó in font ptmr7t!
Missing character: There is no Ò in font ptmr7t!
Missing character: There is no Ó in font ptmr7t!
Missing character: There is no Ò in font ptmr7t!
Missing character: There is no Ó in font ptmr7t!
Missing character: There is no Ò in font ptmr7t!
Missing character: There is no Ó in font ptmr7t!
Missing character: There is no Ò in font ptmr7t!
Missing character: There is no Ó in font ptmr7t!

LaTeX Warning: No positions in optional float specifier.
               Default added (so using `tbp') on input line 255.

<../Figs/glycerol_buslaev.png, id=44, 1766.6pt x 561.09625pt>
File: ../Figs/glycerol_buslaev.png Graphic file (type png)

<use ../Figs/glycerol_buslaev.png>
Package pdftex.def Info: ../Figs/glycerol_buslaev.png used on input line 257.
(pdftex.def)             Requested size: 256.0748pt x 81.3269pt.

Overfull \hbox (10.0748pt too wide) in paragraph at lines 257--258
 [][] 
 []


LaTeX Warning: No positions in optional float specifier.
               Default added (so using `tbp') on input line 277.

Package epstopdf Info: Source file: <../Figs/HGorderparametersPOPG.eps>
(epstopdf)                    date: 2017-12-06 10:28:21
(epstopdf)                    size: 24148 bytes
(epstopdf)             Output file: <../Figs/HGorderparametersPOPG-eps-converte
d-to.pdf>
(epstopdf)                    date: 2017-12-06 10:28:21
(epstopdf)                    size: 9959 bytes
(epstopdf)             Command: <repstopdf --outfile=../Figs/HGorderparametersP
OPG-eps-converted-to.pdf ../Figs/HGorderparametersPOPG.eps>
(epstopdf)             \includegraphics on input line 279.
Package epstopdf Info: Output file is already uptodate.

<../Figs/HGorderparametersPOPG-eps-converted-to.pdf, id=46, 505.89pt x 722.7pt>
File: ../Figs/HGorderparametersPOPG-eps-converted-to.pdf Graphic file (type pdf
)
<use ../Figs/HGorderparametersPOPG-eps-converted-to.pdf>
Package pdftex.def Info: ../Figs/HGorderparametersPOPG-eps-converted-to.pdf use
d on input line 279.
(pdftex.def)             Requested size: 256.0748pt x 365.82626pt.

Overfull \hbox (10.0748pt too wide) in paragraph at lines 279--280
 [][] 
 []


LaTeX Warning: No positions in optional float specifier.
               Default added (so using `tbp') on input line 311.

Package epstopdf Info: Source file: <../Figs/HGorderparametersPCvsPEPSPGchol.ep
s>
(epstopdf)                    date: 2017-12-06 10:28:21
(epstopdf)                    size: 26808 bytes
(epstopdf)             Output file: <../Figs/HGorderparametersPCvsPEPSPGchol-ep
s-converted-to.pdf>
(epstopdf)                    date: 2017-12-06 10:28:21
(epstopdf)                    size: 10076 bytes
(epstopdf)             Command: <repstopdf --outfile=../Figs/HGorderparametersP
CvsPEPSPGchol-eps-converted-to.pdf ../Figs/HGorderparametersPCvsPEPSPGchol.eps>

(epstopdf)             \includegraphics on input line 313.
Package epstopdf Info: Output file is already uptodate.

<../Figs/HGorderparametersPCvsPEPSPGchol-eps-converted-to.pdf, id=47, 505.89pt 
x 722.7pt>
File: ../Figs/HGorderparametersPCvsPEPSPGchol-eps-converted-to.pdf Graphic file
 (type pdf)
 <use ../Figs/HGorderparametersPCvsPEPSPGchol-eps-converted-to.pdf>
Package pdftex.def Info: ../Figs/HGorderparametersPCvsPEPSPGchol-eps-converted-
to.pdf used on input line 313.
(pdftex.def)             Requested size: 227.62204pt x 325.17891pt.


LaTeX Warning: No positions in optional float specifier.
               Default added (so using `tbp') on input line 321.

Package epstopdf Info: Source file: <../Figs/HGorderparametersPCvsPEPSPG.eps>
(epstopdf)                    date: 2017-12-06 10:28:21
(epstopdf)                    size: 33067 bytes
(epstopdf)             Output file: <../Figs/HGorderparametersPCvsPEPSPG-eps-co
nverted-to.pdf>
(epstopdf)                    date: 2017-12-06 10:28:21
(epstopdf)                    size: 11362 bytes
(epstopdf)             Command: <repstopdf --outfile=../Figs/HGorderparametersP
CvsPEPSPG-eps-converted-to.pdf ../Figs/HGorderparametersPCvsPEPSPG.eps>
(epstopdf)             \includegraphics on input line 323.
Package epstopdf Info: Output file is already uptodate.

<../Figs/HGorderparametersPCvsPEPSPG-eps-converted-to.pdf, id=48, 1011.78pt x 7
22.7pt>
File: ../Figs/HGorderparametersPCvsPEPSPG-eps-converted-to.pdf Graphic file (ty
pe pdf)
 <use ../Figs/HGorderparametersPCvsPEPSPG-eps-converted-to.pdf>
Package pdftex.def Info: ../Figs/HGorderparametersPCvsPEPSPG-eps-converted-to.p
df used on input line 323.
(pdftex.def)             Requested size: 455.24408pt x 325.17891pt.


LaTeX Warning: No positions in optional float specifier.
               Default added (so using `tbp') on input line 346.

Package epstopdf Info: Source file: <../Figs/HGorderparametersPSPGvsPC.eps>
(epstopdf)                    date: 2017-12-06 10:28:21
(epstopdf)                    size: 33813 bytes
(epstopdf)             Output file: <../Figs/HGorderparametersPSPGvsPC-eps-conv
erted-to.pdf>
(epstopdf)                    date: 2017-12-06 10:28:21
(epstopdf)                    size: 11358 bytes
(epstopdf)             Command: <repstopdf --outfile=../Figs/HGorderparametersP
SPGvsPC-eps-converted-to.pdf ../Figs/HGorderparametersPSPGvsPC.eps>
(epstopdf)             \includegraphics on input line 348.
Package epstopdf Info: Output file is already uptodate.

<../Figs/HGorderparametersPSPGvsPC-eps-converted-to.pdf, id=49, 1011.78pt x 722
.7pt>
File: ../Figs/HGorderparametersPSPGvsPC-eps-converted-to.pdf Graphic file (type
 pdf)
 <use ../Figs/HGorderparametersPSPGvsPC-eps-converted-to.pdf>
Package pdftex.def Info: ../Figs/HGorderparametersPSPGvsPC-eps-converted-to.pdf
 used on input line 348.
(pdftex.def)             Requested size: 455.24408pt x 325.17891pt.
 [2 <../Figs/HGorderparametersPE-eps-converted-to.pdf>]

LaTeX Warning: A float is stuck (cannot be placed); try class option [floatfix]
 on input line 361.


LaTeX Warning: No positions in optional float specifier.
               Default added (so using `tbp') on input line 376.

Package epstopdf Info: Source file: <../Figs/LIPIDSwithCaCl.eps>
(epstopdf)                    date: 2017-12-06 10:28:21
(epstopdf)                    size: 28752 bytes
(epstopdf)             Output file: <../Figs/LIPIDSwithCaCl-eps-converted-to.pd
f>
(epstopdf)                    date: 2017-12-06 10:28:21
(epstopdf)                    size: 10995 bytes
(epstopdf)             Command: <repstopdf --outfile=../Figs/LIPIDSwithCaCl-eps
-converted-to.pdf ../Figs/LIPIDSwithCaCl.eps>
(epstopdf)             \includegraphics on input line 378.
Package epstopdf Info: Output file is already uptodate.
<../Figs/LIPIDSwithCaCl-eps-converted-to.pdf, id=63, 505.89pt x 722.7pt>
File: ../Figs/LIPIDSwithCaCl-eps-converted-to.pdf Graphic file (type pdf)

<use ../Figs/LIPIDSwithCaCl-eps-converted-to.pdf>
Package pdftex.def Info: ../Figs/LIPIDSwithCaCl-eps-converted-to.pdf used on in
put line 378.
(pdftex.def)             Requested size: 256.0748pt x 365.82626pt.

Overfull \hbox (10.0748pt too wide) in paragraph at lines 378--379
 [][] 
 []


LaTeX Warning: No positions in optional float specifier.
               Default added (so using `tbp') on input line 387.

Package epstopdf Info: Source file: <../Figs/LIPIDSwithCaClBELOW1M.eps>
(epstopdf)                    date: 2017-12-06 10:28:21
(epstopdf)                    size: 27738 bytes
(epstopdf)             Output file: <../Figs/LIPIDSwithCaClBELOW1M-eps-converte
d-to.pdf>
(epstopdf)                    date: 2017-12-06 10:28:21
(epstopdf)                    size: 10697 bytes
(epstopdf)             Command: <repstopdf --outfile=../Figs/LIPIDSwithCaClBELO
W1M-eps-converted-to.pdf ../Figs/LIPIDSwithCaClBELOW1M.eps>
(epstopdf)             \includegraphics on input line 389.
Package epstopdf Info: Output file is already uptodate.

<../Figs/LIPIDSwithCaClBELOW1M-eps-converted-to.pdf, id=64, 505.89pt x 722.7pt>
File: ../Figs/LIPIDSwithCaClBELOW1M-eps-converted-to.pdf Graphic file (type pdf
)
<use ../Figs/LIPIDSwithCaClBELOW1M-eps-converted-to.pdf>
Package pdftex.def Info: ../Figs/LIPIDSwithCaClBELOW1M-eps-converted-to.pdf use
d on input line 389.
(pdftex.def)             Requested size: 256.0748pt x 365.82626pt.

Overfull \hbox (10.0748pt too wide) in paragraph at lines 389--390
 [][] 
 []


LaTeX Warning: No positions in optional float specifier.
               Default added (so using `tbp') on input line 394.

Package epstopdf Info: Source file: <../Figs/CHANGESwithCaCl.eps>
(epstopdf)                    date: 2017-12-06 10:28:21
(epstopdf)                    size: 29400 bytes
(epstopdf)             Output file: <../Figs/CHANGESwithCaCl-eps-converted-to.p
df>
(epstopdf)                    date: 2017-12-06 10:28:21
(epstopdf)                    size: 11087 bytes
(epstopdf)             Command: <repstopdf --outfile=../Figs/CHANGESwithCaCl-ep
s-converted-to.pdf ../Figs/CHANGESwithCaCl.eps>
(epstopdf)             \includegraphics on input line 396.
Package epstopdf Info: Output file is already uptodate.
<../Figs/CHANGESwithCaCl-eps-converted-to.pdf, id=65, 505.89pt x 722.7pt>
File: ../Figs/CHANGESwithCaCl-eps-converted-to.pdf Graphic file (type pdf)

<use ../Figs/CHANGESwithCaCl-eps-converted-to.pdf>
Package pdftex.def Info: ../Figs/CHANGESwithCaCl-eps-converted-to.pdf used on i
nput line 396.
(pdftex.def)             Requested size: 256.0748pt x 365.82626pt.

Overfull \hbox (10.0748pt too wide) in paragraph at lines 396--397
 [][] 
 []

[3 <../Figs/HGorderparametersPS.pdf> <../Figs/comparisonTablePS.pdf> <../Figs/g
lycerol_buslaev.png>]

LaTeX Warning: A float is stuck (cannot be placed); try class option [floatfix]
 on input line 404.

[4 <../Figs/HGorderparametersPOPG-eps-converted-to.pdf> <../Figs/HGorderparamet
ersPCvsPEPSPGchol-eps-converted-to.pdf>]

LaTeX Warning: No positions in optional float specifier.
               Default added (so using `tbp') on input line 434.

Package epstopdf Info: Source file: <../Figs/PSPGwithCaCl.eps>
(epstopdf)                    date: 2017-12-06 10:28:21
(epstopdf)                    size: 27068 bytes
(epstopdf)             Output file: <../Figs/PSPGwithCaCl-eps-converted-to.pdf>

(epstopdf)                    date: 2017-12-06 10:28:21
(epstopdf)                    size: 11472 bytes
(epstopdf)             Command: <repstopdf --outfile=../Figs/PSPGwithCaCl-eps-c
onverted-to.pdf ../Figs/PSPGwithCaCl.eps>
(epstopdf)             \includegraphics on input line 436.
Package epstopdf Info: Output file is already uptodate.
<../Figs/PSPGwithCaCl-eps-converted-to.pdf, id=160, 505.89pt x 722.7pt>
File: ../Figs/PSPGwithCaCl-eps-converted-to.pdf Graphic file (type pdf)

<use ../Figs/PSPGwithCaCl-eps-converted-to.pdf>
Package pdftex.def Info: ../Figs/PSPGwithCaCl-eps-converted-to.pdf used on inpu
t line 436.
(pdftex.def)             Requested size: 256.0748pt x 365.82626pt.

Overfull \hbox (10.0748pt too wide) in paragraph at lines 436--437
 [][] 
 []


LaTeX Warning: No positions in optional float specifier.
               Default added (so using `tbp') on input line 456.

Package epstopdf Info: Source file: <../Figs/CHANGESwithCaClPGPS.eps>
(epstopdf)                    date: 2017-12-06 10:28:21
(epstopdf)                    size: 27841 bytes
(epstopdf)             Output file: <../Figs/CHANGESwithCaClPGPS-eps-converted-
to.pdf>
(epstopdf)                    date: 2017-12-06 10:28:21
(epstopdf)                    size: 11154 bytes
(epstopdf)             Command: <repstopdf --outfile=../Figs/CHANGESwithCaClPGP
S-eps-converted-to.pdf ../Figs/CHANGESwithCaClPGPS.eps>
(epstopdf)             \includegraphics on input line 458.
Package epstopdf Info: Output file is already uptodate.

<../Figs/CHANGESwithCaClPGPS-eps-converted-to.pdf, id=161, 505.89pt x 722.7pt>
File: ../Figs/CHANGESwithCaClPGPS-eps-converted-to.pdf Graphic file (type pdf)

<use ../Figs/CHANGESwithCaClPGPS-eps-converted-to.pdf>
Package pdftex.def Info: ../Figs/CHANGESwithCaClPGPS-eps-converted-to.pdf used 
on input line 458.
(pdftex.def)             Requested size: 256.0748pt x 365.82626pt.

Overfull \hbox (10.0748pt too wide) in paragraph at lines 458--459
 [][] 
 []

[5 <../Figs/HGorderparametersPCvsPEPSPG-eps-converted-to.pdf>]

Package natbib Warning: Citation `??' on page 6 undefined on input line 519.


Package natbib Warning: Citation `??' on page 6 undefined on input line 519.


Package natbib Warning: Citation `??' on page 6 undefined on input line 521.


Package natbib Warning: Citation `??' on page 6 undefined on input line 521.


Package natbib Warning: Citation `??' on page 6 undefined on input line 523.


Package natbib Warning: Citation `??' on page 6 undefined on input line 526.


Package natbib Warning: Citation `??' on page 6 undefined on input line 528.


Package natbib Warning: Citation `??' on page 6 undefined on input line 528.


Package natbib Warning: Citation `??' on page 6 undefined on input line 531.


Package natbib Warning: Citation `??' on page 6 undefined on input line 531.


Package natbib Warning: Citation `??' on page 6 undefined on input line 533.


Package natbib Warning: Citation `??' on page 6 undefined on input line 533.


Package natbib Warning: Citation `??' on page 6 undefined on input line 535.


Package natbib Warning: Citation `??' on page 6 undefined on input line 538.


Package natbib Warning: Citation `??' on page 6 undefined on input line 538.


Package natbib Warning: Citation `??' on page 6 undefined on input line 541.


Package natbib Warning: Citation `??' on page 6 undefined on input line 541.


Overfull \hbox (10.69954pt too wide) in paragraph at lines 512--548
 []$[]$ 
 []


LaTeX Warning: No positions in optional float specifier.
               Default added (so using `tbp') on input line 566.

<../Figs/PShgSIGNS.pdf, id=178, 231.32172pt x 436.97142pt>
File: ../Figs/PShgSIGNS.pdf Graphic file (type pdf)

<use ../Figs/PShgSIGNS.pdf>
Package pdftex.def Info: ../Figs/PShgSIGNS.pdf used on input line 568.
(pdftex.def)             Requested size: 256.0748pt x 483.74384pt.

Overfull \hbox (10.0748pt too wide) in paragraph at lines 568--569
 [][] 
 []


LaTeX Warning: No positions in optional float specifier.
               Default added (so using `tbp') on input line 586.

<../Figs/PShgSIGNSsimpson.pdf, id=179, 215.86116pt x 473.01308pt>
File: ../Figs/PShgSIGNSsimpson.pdf Graphic file (type pdf)

<use ../Figs/PShgSIGNSsimpson.pdf>
Package pdftex.def Info: ../Figs/PShgSIGNSsimpson.pdf used on input line 588.
(pdftex.def)             Requested size: 256.0748pt x 561.17476pt.

Overfull \hbox (10.0748pt too wide) in paragraph at lines 588--589
 [][] 
 []


LaTeX Warning: No positions in optional float specifier.
               Default added (so using `tbp') on input line 595.

<../Figs/dihed1.png, id=180, 540.0175pt x 236.885pt>
File: ../Figs/dihed1.png Graphic file (type png)
 <use ../Figs/dihed1.png>
Package pdftex.def Info: ../Figs/dihed1.png used on input line 597.
(pdftex.def)             Requested size: 227.62204pt x 99.84886pt.

<../Figs/dihed2.png, id=181, 540.0175pt x 236.885pt>
File: ../Figs/dihed2.png Graphic file (type png)
 <use ../Figs/dihed2.png>
Package pdftex.def Info: ../Figs/dihed2.png used on input line 598.
(pdftex.def)             Requested size: 227.62204pt x 99.84886pt.

<../Figs/dihed3.png, id=182, 540.0175pt x 236.885pt>
File: ../Figs/dihed3.png Graphic file (type png)
 <use ../Figs/dihed3.png>
Package pdftex.def Info: ../Figs/dihed3.png used on input line 599.
(pdftex.def)             Requested size: 227.62204pt x 99.84886pt.

<../Figs/dihed4.png, id=183, 540.0175pt x 236.885pt>
File: ../Figs/dihed4.png Graphic file (type png)
 <use ../Figs/dihed4.png>
Package pdftex.def Info: ../Figs/dihed4.png used on input line 600.
(pdftex.def)             Requested size: 227.62204pt x 99.84886pt.

<../Figs/dihed5.png, id=184, 540.0175pt x 236.885pt>
File: ../Figs/dihed5.png Graphic file (type png)
 <use ../Figs/dihed5.png>
Package pdftex.def Info: ../Figs/dihed5.png used on input line 601.
(pdftex.def)             Requested size: 227.62204pt x 99.84886pt.

<../Figs/dihed6.png, id=185, 540.0175pt x 236.885pt>
File: ../Figs/dihed6.png Graphic file (type png)
 <use ../Figs/dihed6.png>
Package pdftex.def Info: ../Figs/dihed6.png used on input line 602.
(pdftex.def)             Requested size: 227.62204pt x 99.84886pt.

<../Figs/dihed7.png, id=186, 540.0175pt x 236.885pt>
File: ../Figs/dihed7.png Graphic file (type png)
 <use ../Figs/dihed7.png>
Package pdftex.def Info: ../Figs/dihed7.png used on input line 603.
(pdftex.def)             Requested size: 227.62204pt x 99.84886pt.

<../Figs/dihed8.png, id=187, 540.0175pt x 241.90375pt>
File: ../Figs/dihed8.png Graphic file (type png)

<use ../Figs/dihed8.png>
Package pdftex.def Info: ../Figs/dihed8.png used on input line 604.
(pdftex.def)             Requested size: 227.62204pt x 101.9643pt.
 <../Figs/dihed9.png, id=188, 540.0175pt x 236.885pt>
File: ../Figs/dihed9.png Graphic file (type png)

<use ../Figs/dihed9.png>
Package pdftex.def Info: ../Figs/dihed9.png used on input line 605.
(pdftex.def)             Requested size: 227.62204pt x 99.84886pt.
 <../Figs/dihed10.png, id=189, 540.0175pt x 236.885pt>
File: ../Figs/dihed10.png Graphic file (type png)

<use ../Figs/dihed10.png>
Package pdftex.def Info: ../Figs/dihed10.png used on input line 606.
(pdftex.def)             Requested size: 227.62204pt x 99.84886pt.
 [6 <../Figs/HGorderparametersPSPGvsPC-eps-converted-to.pdf>]

Class revtex4 Warning: Dequeueing of floats stalled.


LaTeX Warning: A float is stuck (cannot be placed); try class option [floatfix]
 on input line 611.

LaTeX Font Info:    Try loading font information for OT1+phv on input line 629.

(/sw/share/texmf-dist/tex/latex/psnfss/ot1phv.fd
File: ot1phv.fd 2001/06/04 scalable font definitions for OT1/phv.
)
LaTeX Font Info:    Font shape `OT1/phv/bx/n' in size <10> not available
(Font)              Font shape `OT1/phv/b/n' tried instead on input line 629.
LaTeX Font Info:    Font shape `OT1/phv/bx/n' in size <5> not available
(Font)              Font shape `OT1/phv/b/n' tried instead on input line 629.
LaTeX Font Info:    Font shape `OT1/phv/bx/n' in size <9> not available
(Font)              Font shape `OT1/phv/b/n' tried instead on input line 631.
LaTeX Font Info:    Font shape `OT1/phv/bx/n' in size <12> not available
(Font)              Font shape `OT1/phv/b/n' tried instead on input line 633.
LaTeX Font Info:    Font shape `OT1/phv/bx/n' in size <14.4> not available
(Font)              Font shape `OT1/phv/b/n' tried instead on input line 635.
 [7 <../Figs/LIPIDSwithCaCl-eps-converted-to.pdf> <../Figs/LIPIDSwithCaClBELOW1
M-eps-converted-to.pdf>]

Class revtex4 Warning: Dequeueing of floats stalled.


LaTeX Warning: A float is stuck (cannot be placed); try class option [floatfix]
 on input line 636.

[8 <../Figs/CHANGESwithCaCl-eps-converted-to.pdf> <../Figs/PSPGwithCaCl-eps-con
verted-to.pdf>]

Class revtex4 Warning: Dequeueing of floats stalled.


LaTeX Warning: A float is stuck (cannot be placed); try class option [floatfix]
 on input line 692.

[9 <../Figs/CHANGESwithCaClPGPS-eps-converted-to.pdf> <../Figs/PShgSIGNS.pdf>]

Class revtex4 Warning: Dequeueing of floats stalled.


LaTeX Warning: A float is stuck (cannot be placed); try class option [floatfix]
 on input line 706.

(./manuscript.bbl
LaTeX Font Info:    Try loading font information for OT1+pcr on input line 1.
 (/sw/share/texmf-dist/tex/latex/psnfss/ot1pcr.fd
File: ot1pcr.fd 2001/06/04 font definitions for OT1/pcr.
))
(./manuscript.lod
Underfull \hbox (badness 10000) in paragraph at lines 13--13
[][] \OT1/ptm/m/n/10 10. Why there is dif-fer-ence be-tween 
 []


Underfull \hbox (badness 1708) in paragraph at lines 13--13
\OT1/ptm/m/n/10 CHARMM36 sim-u-la-tion re-sults from POPS:POPC 
 []


Underfull \hbox (badness 10000) in paragraph at lines 13--13
\OT1/ptm/m/n/10 mix-ture and pure POPS? Dis-cus-sion in 
 []


Overfull \hbox (23.66658pt too wide) in paragraph at lines 13--13
\OT1/ptm/m/n/10 https://github.com/NMRLipids/NMRlipidsIVotherHGs/issues/1 []  
 []


Overfull \hbox (39.087pt too wide) in paragraph at lines 17--17
[][] \OT1/ptm/m/n/10 17. By Pig-got: http://nmrlipids.blogspot.com/2017/03/nmrl
ipids- 
 []


Overfull \hbox (131.83815pt too wide) in paragraph at lines 17--17
\OT1/ptm/m/n/10 iv-headgroup-glycerol.html?showComment=1491425687561#c493290261
2512697301. 
 []

[10]

Class revtex4 Warning: Dequeueing of floats stalled.


LaTeX Warning: A float is stuck (cannot be placed); try class option [floatfix]
 on input line 24.

)
\tf@lod=\write3
\openout3 = `manuscript.lod'.



Package natbib Warning: There were undefined citations.

[11] [12] [13 <../Figs/PShgSIGNSsimpson.pdf>] [14 <../Figs/dihed1.png (PNG copy
)> <../Figs/dihed2.png (PNG copy)> <../Figs/dihed3.png (PNG copy)> <../Figs/dih
ed4.png (PNG copy)> <../Figs/dihed5.png (PNG copy)> <../Figs/dihed6.png (PNG co
py)> <../Figs/dihed7.png (PNG copy)> <../Figs/dihed8.png (PNG copy)> <../Figs/d
ihed9.png (PNG copy)> <../Figs/dihed10.png (PNG copy)>] (./manuscript.aux) ) 
Here is how much of TeX's memory you used:
 5509 strings out of 493117
 76284 string characters out of 6141650
 186255 words of memory out of 5000000
 8835 multiletter control sequences out of 15000+600000
 35681 words of font info for 65 fonts, out of 8000000 for 9000
 1141 hyphenation exceptions out of 8191
 42i,17n,31p,755b,462s stack positions out of 5000i,500n,10000p,200000b,80000s
{/s
w/share/texmf-dist/fonts/enc/dvips/base/8r.enc}</sw/share/texmf-dist/fonts/type
1/public/amsfonts/cm/cmmi10.pfb></sw/share/texmf-dist/fonts/type1/public/amsfon
ts/cm/cmmi6.pfb></sw/share/texmf-dist/fonts/type1/public/amsfonts/cm/cmmi7.pfb>
</sw/share/texmf-dist/fonts/type1/public/amsfonts/cm/cmmi9.pfb></sw/share/texmf
-dist/fonts/type1/public/amsfonts/cm/cmr10.pfb></sw/share/texmf-dist/fonts/type
1/public/amsfonts/cm/cmr5.pfb></sw/share/texmf-dist/fonts/type1/public/amsfonts
/cm/cmr6.pfb></sw/share/texmf-dist/fonts/type1/public/amsfonts/cm/cmr7.pfb></sw
/share/texmf-dist/fonts/type1/public/amsfonts/cm/cmr9.pfb></sw/share/texmf-dist
/fonts/type1/public/amsfonts/cm/cmsy10.pfb></sw/share/texmf-dist/fonts/type1/pu
blic/amsfonts/cm/cmsy6.pfb></sw/share/texmf-dist/fonts/type1/public/amsfonts/cm
/cmsy7.pfb></sw/share/texmf-dist/fonts/type1/public/amsfonts/cm/cmsy9.pfb></sw/
share/texmf-dist/fonts/type1/urw/courier/ucrr8a.pfb></sw/share/texmf-dist/fonts
/type1/urw/helvetic/uhvb8a.pfb></sw/share/texmf-dist/fonts/type1/urw/times/utmb
8a.pfb></sw/share/texmf-dist/fonts/type1/urw/times/utmr8a.pfb></sw/share/texmf-
dist/fonts/type1/urw/times/utmri8a.pfb>
Output written on manuscript.pdf (14 pages, 1512410 bytes).
PDF statistics:
 485 PDF objects out of 1000 (max. 8388607)
 334 compressed objects within 4 object streams
 0 named destinations out of 1000 (max. 500000)
 136 words of extra memory for PDF output out of 10000 (max. 10000000)

