This is pdfTeX, Version 3.14159265-2.6-1.40.15 (TeX Live 2014/Fink) (preloaded format=pdflatex 2018.5.25)  1 FEB 2019 13:53
entering extended mode
 restricted \write18 enabled.
 file:line:error style messages enabled.
 %&-line parsing enabled.
**manuscriptPSsuppl.tex
(./manuscriptPSsuppl.tex
LaTeX2e <2014/05/01>
Babel <3.9k> and hyphenation patterns for 78 languages loaded.
(/sw/share/texmf-dist/tex/latex/achemso/achemso.cls
Document Class: achemso 2014/05/14 v3.8i Submission to ACS journals
(/sw/share/texmf-dist/tex/latex/base/article.cls
Document Class: article 2007/10/19 v1.4h Standard LaTeX document class
(/sw/share/texmf-dist/tex/latex/base/size12.clo
File: size12.clo 2007/10/19 v1.4h Standard LaTeX file (size option)
)
\c@part=\count79
\c@section=\count80
\c@subsection=\count81
\c@subsubsection=\count82
\c@paragraph=\count83
\c@subparagraph=\count84
\c@figure=\count85
\c@table=\count86
\abovecaptionskip=\skip41
\belowcaptionskip=\skip42
\bibindent=\dimen102
)
(/sw/share/texmf-dist/tex/latex/xkeyval/xkeyval.sty
Package: xkeyval 2014/05/09 v2.6d package option processing (HA)

(/sw/share/texmf-dist/tex/generic/xkeyval/xkeyval.tex
\XKV@toks=\toks14
\XKV@tempa@toks=\toks15
\XKV@depth=\count87
File: xkeyval.tex 2014/05/09 v2.6d key=value parser (HA)

(/sw/share/texmf-dist/tex/generic/xkeyval/keyval.tex)))
\acs@bib@file=\write3
\c@bibnote=\count88

(/sw/share/texmf-dist/tex/latex/geometry/geometry.sty
Package: geometry 2010/09/12 v5.6 Page Geometry

(/sw/share/texmf-dist/tex/generic/oberdiek/ifpdf.sty
Package: ifpdf 2011/01/30 v2.3 Provides the ifpdf switch (HO)
Package ifpdf Info: pdfTeX in PDF mode is detected.
)
(/sw/share/texmf-dist/tex/generic/oberdiek/ifvtex.sty
Package: ifvtex 2010/03/01 v1.5 Detect VTeX and its facilities (HO)
Package ifvtex Info: VTeX not detected.
)
(/sw/share/texmf-dist/tex/generic/ifxetex/ifxetex.sty
Package: ifxetex 2010/09/12 v0.6 Provides ifxetex conditional
)
\Gm@cnth=\count89
\Gm@cntv=\count90
\c@Gm@tempcnt=\count91
\Gm@bindingoffset=\dimen103
\Gm@wd@mp=\dimen104
\Gm@odd@mp=\dimen105
\Gm@even@mp=\dimen106
\Gm@layoutwidth=\dimen107
\Gm@layoutheight=\dimen108
\Gm@layouthoffset=\dimen109
\Gm@layoutvoffset=\dimen110
\Gm@dimlist=\toks16
)
(/sw/share/texmf-dist/tex/latex/caption/caption.sty
Package: caption 2013/05/02 v3.3-89 Customizing captions (AR)

(/sw/share/texmf-dist/tex/latex/caption/caption3.sty
Package: caption3 2013/05/02 v1.6-88 caption3 kernel (AR)
Package caption3 Info: TeX engine: e-TeX on input line 57.
\captionmargin=\dimen111
\captionmargin@=\dimen112
\captionwidth=\dimen113
\caption@tempdima=\dimen114
\caption@indent=\dimen115
\caption@parindent=\dimen116
\caption@hangindent=\dimen117
)
\c@ContinuedFloat=\count92
)
(/sw/share/texmf-dist/tex/latex/float/float.sty
Package: float 2001/11/08 v1.3d Float enhancements (AL)
\c@float@type=\count93
\float@exts=\toks17
\float@box=\box26
\@float@everytoks=\toks18
\@floatcapt=\box27
)
(/sw/share/texmf-dist/tex/latex/graphics/graphicx.sty
Package: graphicx 2014/04/25 v1.0g Enhanced LaTeX Graphics (DPC,SPQR)

(/sw/share/texmf-dist/tex/latex/graphics/graphics.sty
Package: graphics 2009/02/05 v1.0o Standard LaTeX Graphics (DPC,SPQR)

(/sw/share/texmf-dist/tex/latex/graphics/trig.sty
Package: trig 1999/03/16 v1.09 sin cos tan (DPC)
)
(/sw/share/texmf-dist/tex/latex/latexconfig/graphics.cfg
File: graphics.cfg 2010/04/23 v1.9 graphics configuration of TeX Live
)
Package graphics Info: Driver file: pdftex.def on input line 91.

(/sw/share/texmf-dist/tex/latex/pdftex-def/pdftex.def
File: pdftex.def 2011/05/27 v0.06d Graphics/color for pdfTeX

(/sw/share/texmf-dist/tex/generic/oberdiek/infwarerr.sty
Package: infwarerr 2010/04/08 v1.3 Providing info/warning/error messages (HO)
)
(/sw/share/texmf-dist/tex/generic/oberdiek/ltxcmds.sty
Package: ltxcmds 2011/11/09 v1.22 LaTeX kernel commands for general use (HO)
)
\Gread@gobject=\count94
))
\Gin@req@height=\dimen118
\Gin@req@width=\dimen119
)
(/sw/share/texmf-dist/tex/latex/setspace/setspace.sty
Package: setspace 2011/12/19 v6.7a set line spacing
)
(/sw/share/texmf-dist/tex/latex/url/url.sty
\Urlmuskip=\muskip10
Package: url 2013/09/16  ver 3.4  Verb mode for urls, etc.
)
\acs@author@cnt=\count95
\acs@affil@cnt=\count96
\acs@affil@alt@cnt=\count97
\acs@footnote@cnt=\count98
\acs@affil@marker@cnt=\count99
\acs@space@pre@title=\skip43
\acs@space@post@title=\skip44
\acs@space@post@author=\skip45
\acs@space@post@address=\skip46
\acs@space@post@email=\skip47
\acs@maketitle@width=\skip48
\@float@every@scheme=\toks19
\c@scheme=\count100
\@float@every@chart=\toks20
\c@chart=\count101
\@float@every@graph=\toks21
\c@graph=\count102
\@float@every@table=\toks22
\acs@collect@toks=\toks23
\acs@collect@empty@toks=\toks24
\acs@tocentry@height=\skip49
\acs@tocentry@width=\skip50

(/sw/share/texmf-dist/tex/latex/achemso/config/jpcbfk.cfg
File: jpcbfk.cfg 2014/05/14 v3.8i achemso configuration: J. Phys. Chem. B
)
(/sw/share/texmf-dist/tex/latex/natbib/natbib.sty
Package: natbib 2010/09/13 8.31b (PWD, AO)
\bibhang=\skip51
\bibsep=\skip52
LaTeX Info: Redefining \cite on input line 694.
\c@NAT@ctr=\count103
)
(/sw/share/texmf-dist/tex/latex/achemso/natmove.sty
Package: natmove 2010/01/15 v1.1a Automatic citation moving with natbib
)
(/sw/share/texmf-dist/tex/latex/mciteplus/mciteplus.sty
Package: mciteplus 2013/09/13 v1.2 enhanced mcite
\@mcitetmptoksA=\toks25
\@mcitetmpdima=\dimen120
\@mcitetmpdimb=\dimen121
\@mcitetmpcnta=\count104
\@mcitetmpcntb=\count105
\c@mcitebibitemcount=\count106
\c@mcitesubitemcount=\count107

** mciteplus: Detected natbib.sty. Invoking hooks.
)) (/sw/share/texmf-dist/tex/latex/mhchem/mhchem.sty
Package: mhchem 2014/03/27 v3.17 for typesetting chemical formulae

(/sw/share/texmf-dist/tex/latex/base/ifthen.sty
Package: ifthen 2001/05/26 v1.1c Standard LaTeX ifthen package (DPC)
)
(/sw/share/texmf-dist/tex/latex/tools/calc.sty
Package: calc 2007/08/22 v4.3 Infix arithmetic (KKT,FJ)
\calc@Acount=\count108
\calc@Bcount=\count109
\calc@Adimen=\dimen122
\calc@Bdimen=\dimen123
\calc@Askip=\skip53
\calc@Bskip=\skip54
LaTeX Info: Redefining \setlength on input line 75.
LaTeX Info: Redefining \addtolength on input line 76.
\calc@Ccount=\count110
\calc@Cskip=\skip55
)
(/sw/share/texmf-dist/tex/latex/oberdiek/twoopt.sty
Package: twoopt 2008/08/11 v1.5 Definitions with two optional arguments (HO)
)
(/sw/share/texmf-dist/tex/latex/amsmath/amsmath.sty
Package: amsmath 2013/01/14 v2.14 AMS math features
\@mathmargin=\skip56

For additional information on amsmath, use the `?' option.
(/sw/share/texmf-dist/tex/latex/amsmath/amstext.sty
Package: amstext 2000/06/29 v2.01

(/sw/share/texmf-dist/tex/latex/amsmath/amsgen.sty
File: amsgen.sty 1999/11/30 v2.0
\@emptytoks=\toks26
\ex@=\dimen124
))
(/sw/share/texmf-dist/tex/latex/amsmath/amsbsy.sty
Package: amsbsy 1999/11/29 v1.2d
\pmbraise@=\dimen125
)
(/sw/share/texmf-dist/tex/latex/amsmath/amsopn.sty
Package: amsopn 1999/12/14 v2.01 operator names
)
\inf@bad=\count111
LaTeX Info: Redefining \frac on input line 210.
\uproot@=\count112
\leftroot@=\count113
LaTeX Info: Redefining \overline on input line 306.
\classnum@=\count114
\DOTSCASE@=\count115
LaTeX Info: Redefining \ldots on input line 378.
LaTeX Info: Redefining \dots on input line 381.
LaTeX Info: Redefining \cdots on input line 466.
\Mathstrutbox@=\box28
\strutbox@=\box29
\big@size=\dimen126
LaTeX Font Info:    Redeclaring font encoding OML on input line 566.
LaTeX Font Info:    Redeclaring font encoding OMS on input line 567.
\macc@depth=\count116
\c@MaxMatrixCols=\count117
\dotsspace@=\muskip11
\c@parentequation=\count118
\dspbrk@lvl=\count119
\tag@help=\toks27
\row@=\count120
\column@=\count121
\maxfields@=\count122
\andhelp@=\toks28
\eqnshift@=\dimen127
\alignsep@=\dimen128
\tagshift@=\dimen129
\tagwidth@=\dimen130
\totwidth@=\dimen131
\lineht@=\dimen132
\@envbody=\toks29
\multlinegap=\skip57
\multlinetaggap=\skip58
\mathdisplay@stack=\toks30
LaTeX Info: Redefining \[ on input line 2665.
LaTeX Info: Redefining \] on input line 2666.
)
(/sw/share/texmf-dist/tex/generic/oberdiek/pdftexcmds.sty
Package: pdftexcmds 2011/11/29 v0.20 Utility functions of pdfTeX for LuaTeX (HO
)

(/sw/share/texmf-dist/tex/generic/oberdiek/ifluatex.sty
Package: ifluatex 2010/03/01 v1.3 Provides the ifluatex switch (HO)
Package ifluatex Info: LuaTeX not detected.
)
Package pdftexcmds Info: LuaTeX not detected.
Package pdftexcmds Info: \pdf@primitive is available.
Package pdftexcmds Info: \pdf@ifprimitive is available.
Package pdftexcmds Info: \pdfdraftmode found.
)
(/sw/share/texmf-dist/tex/latex/l3kernel/expl3.sty
Package: expl3 2014/05/20 v4814 L3 programming layer (loader) 

(/sw/share/texmf-dist/tex/latex/l3kernel/expl3-code.tex
Package: expl3 2014/05/20 v4814 L3 programming layer (code) 
L3 Module: l3bootstrap 2014/05/16 v4782 L3 Bootstrap code

(/sw/share/texmf-dist/tex/latex/etex-pkg/etex.sty
Package: etex 1998/03/26 v2.0 eTeX basic definition package (PEB)
\et@xins=\count123
)
L3 Module: l3names 2014/05/04 v4728 L3 Namespace for primitives
L3 Module: l3basics 2014/05/04 v4728 L3 Basic definitions
L3 Module: l3expan 2014/04/30 v4712 L3 Argument expansion
L3 Module: l3tl 2014/05/04 v4728 L3 Token lists
L3 Module: l3seq 2014/04/30 v4712 L3 Sequences and stacks
L3 Module: l3int 2014/05/16 v4776 L3 Integers
\c_max_int=\count124
\l_tmpa_int=\count125
\l_tmpb_int=\count126
\g_tmpa_int=\count127
\g_tmpb_int=\count128
L3 Module: l3quark 2014/05/04 v4728 L3 Quarks
L3 Module: l3prg 2014/05/04 v4728 L3 Control structures
\g__prg_map_int=\count129
L3 Module: l3clist 2014/05/04 v4728 L3 Comma separated lists
L3 Module: l3token 2014/05/04 v4728 L3 Experimental token manipulation
L3 Module: l3prop 2014/04/30 v4712 L3 Property lists
L3 Module: l3msg 2014/05/04 v4728 L3 Messages
L3 Module: l3file 2014/05/05 v4737 L3 File and I/O operations
\l_iow_line_count_int=\count130
\l__iow_target_count_int=\count131
\l__iow_current_line_int=\count132
\l__iow_current_word_int=\count133
\l__iow_current_indentation_int=\count134
L3 Module: l3skip 2014/05/05 v4738 L3 Dimensions and skips
\c_zero_dim=\dimen133
\c_max_dim=\dimen134
\l_tmpa_dim=\dimen135
\l_tmpb_dim=\dimen136
\g_tmpa_dim=\dimen137
\g_tmpb_dim=\dimen138
\c_zero_skip=\skip59
\c_max_skip=\skip60
\l_tmpa_skip=\skip61
\l_tmpb_skip=\skip62
\g_tmpa_skip=\skip63
\g_tmpb_skip=\skip64
\c_zero_muskip=\muskip12
\c_max_muskip=\muskip13
\l_tmpa_muskip=\muskip14
\l_tmpb_muskip=\muskip15
\g_tmpa_muskip=\muskip16
\g_tmpb_muskip=\muskip17
L3 Module: l3keys 2014/05/08 v4753 L3 Key-value interfaces
\g__keyval_level_int=\count135
\l_keys_choice_int=\count136
L3 Module: l3fp 2014/04/30 v4712 L3 Floating points
\c__fp_leading_shift_int=\count137
\c__fp_middle_shift_int=\count138
\c__fp_trailing_shift_int=\count139
\c__fp_big_leading_shift_int=\count140
\c__fp_big_middle_shift_int=\count141
\c__fp_big_trailing_shift_int=\count142
\c__fp_Bigg_leading_shift_int=\count143
\c__fp_Bigg_middle_shift_int=\count144
\c__fp_Bigg_trailing_shift_int=\count145
L3 Module: l3box 2014/05/04 v4728 L3 Experimental boxes
\c_empty_box=\box30
\l_tmpa_box=\box31
\l_tmpb_box=\box32
\g_tmpa_box=\box33
\g_tmpb_box=\box34
L3 Module: l3coffins 2014/05/04 v4728 L3 Coffin code layer
\l__coffin_internal_box=\box35
\l__coffin_internal_dim=\dimen139
\l__coffin_offset_x_dim=\dimen140
\l__coffin_offset_y_dim=\dimen141
\l__coffin_x_dim=\dimen142
\l__coffin_y_dim=\dimen143
\l__coffin_x_prime_dim=\dimen144
\l__coffin_y_prime_dim=\dimen145
\c_empty_coffin=\box36
\l__coffin_aligned_coffin=\box37
\l__coffin_aligned_internal_coffin=\box38
\l_tmpa_coffin=\box39
\l_tmpb_coffin=\box40
\l__coffin_display_coffin=\box41
\l__coffin_display_coord_coffin=\box42
\l__coffin_display_pole_coffin=\box43
\l__coffin_display_offset_dim=\dimen146
\l__coffin_display_x_dim=\dimen147
\l__coffin_display_y_dim=\dimen148
L3 Module: l3color 2014/04/30 v4712 L3 Experimental color support
L3 Module: l3luatex 2014/04/30 v4712 L3 Experimental LuaTeX-specific functions
\g__cctab_allocate_int=\count146
\g__cctab_stack_int=\count147
L3 Module: l3candidates 2014/05/04 v4734 L3 Experimental additions to l3kernel
\l__box_top_dim=\dimen149
\l__box_bottom_dim=\dimen150
\l__box_left_dim=\dimen151
\l__box_right_dim=\dimen152
\l__box_top_new_dim=\dimen153
\l__box_bottom_new_dim=\dimen154
\l__box_left_new_dim=\dimen155
\l__box_right_new_dim=\dimen156
\l__box_internal_box=\box44
\l__coffin_bounding_shift_dim=\dimen157
\l__coffin_left_corner_dim=\dimen158
\l__coffin_right_corner_dim=\dimen159
\l__coffin_bottom_corner_dim=\dimen160
\l__coffin_top_corner_dim=\dimen161
\l__coffin_scaled_total_height_dim=\dimen162
\l__coffin_scaled_width_dim=\dimen163
))
\mhchem@ce@result=\toks31
\mhchem@ce@part=\toks32
\mhchem@arrow@deployType=\toks33
\mhchem@arrow@params=\toks34
\mhchem@arrowlength@pgf=\skip65
\mhchem@bondwidth=\skip66
\mhchem@bondheight=\skip67
\mhchem@smallbondwidth@tmpA=\skip68
\mhchem@smallbondwidth@tmpB=\skip69
\mhchem@smallbondwidth=\skip70
\__mhchem_option_version_int=\count148
\mhchem@prepostscript@tmp@i=\skip71
\mhchem@prepostscript@tmp@ii=\skip72
\mhchem@mathbox@tmp@i=\skip73
\mhchem@mathbox@tmp@ii=\skip74
\mhchem@minispace@tmp=\skip75
\mhchem@option@minussidebearingleft=\skip76
\mhchem@option@minussidebearingright=\skip77
)
(/sw/share/texmf-dist/tex/latex/base/fontenc.sty
Package: fontenc 2005/09/27 v1.99g Standard LaTeX package

(/sw/share/texmf-dist/tex/latex/base/t1enc.def
File: t1enc.def 2005/09/27 v1.99g Standard LaTeX file
LaTeX Font Info:    Redeclaring font encoding T1 on input line 43.
))
(/sw/share/texmf-dist/tex/latex/rotating/rotating.sty
Package: rotating 2009/03/28 v2.16a rotated objects in LaTeX
\c@r@tfl@t=\count149
\rotFPtop=\skip78
\rotFPbot=\skip79
\rot@float@box=\box45
\rot@mess@toks=\toks35
)
(/sw/share/texmf-dist/tex/latex/was/upgreek.sty
Package: upgreek 2003/02/12 v2.0 (WaS)
Package upgreek Info: Using Euler Roman for upright Greek on input line 31.
\symugrf@m=\mathgroup4
LaTeX Font Info:    Overwriting symbol font `ugrf@m' in version `bold'
(Font)                  U/eur/m/n --> U/eur/b/n on input line 38.
)
(/sw/share/texmf-dist/tex/latex/xcolor/xcolor.sty
Package: xcolor 2007/01/21 v2.11 LaTeX color extensions (UK)

(/sw/share/texmf-dist/tex/latex/latexconfig/color.cfg
File: color.cfg 2007/01/18 v1.5 color configuration of teTeX/TeXLive
)
Package xcolor Info: Driver file: pdftex.def on input line 225.
Package xcolor Info: Model `cmy' substituted by `cmy0' on input line 1337.
Package xcolor Info: Model `hsb' substituted by `rgb' on input line 1341.
Package xcolor Info: Model `RGB' extended on input line 1353.
Package xcolor Info: Model `HTML' substituted by `rgb' on input line 1355.
Package xcolor Info: Model `Hsb' substituted by `hsb' on input line 1356.
Package xcolor Info: Model `tHsb' substituted by `hsb' on input line 1357.
Package xcolor Info: Model `HSB' substituted by `hsb' on input line 1358.
Package xcolor Info: Model `Gray' substituted by `gray' on input line 1359.
Package xcolor Info: Model `wave' substituted by `hsb' on input line 1360.
)
(/sw/share/texmf-dist/tex/latex/booktabs/booktabs.sty
Package: booktabs 2005/04/14 v1.61803 publication quality tables
\heavyrulewidth=\dimen164
\lightrulewidth=\dimen165
\cmidrulewidth=\dimen166
\belowrulesep=\dimen167
\belowbottomsep=\dimen168
\aboverulesep=\dimen169
\abovetopsep=\dimen170
\cmidrulesep=\dimen171
\cmidrulekern=\dimen172
\defaultaddspace=\dimen173
\@cmidla=\count150
\@cmidlb=\count151
\@aboverulesep=\dimen174
\@belowrulesep=\dimen175
\@thisruleclass=\count152
\@lastruleclass=\count153
\@thisrulewidth=\dimen176
)
(/sw/share/texmf-dist/tex/latex/multirow/multirow.sty
\bigstrutjot=\dimen177
)
(/sw/share/texmf-dist/tex/latex/lm/lmodern.sty
Package: lmodern 2009/10/30 v1.6 Latin Modern Fonts
LaTeX Font Info:    Overwriting symbol font `operators' in version `normal'
(Font)                  OT1/cmr/m/n --> OT1/lmr/m/n on input line 22.
LaTeX Font Info:    Overwriting symbol font `letters' in version `normal'
(Font)                  OML/cmm/m/it --> OML/lmm/m/it on input line 23.
LaTeX Font Info:    Overwriting symbol font `symbols' in version `normal'
(Font)                  OMS/cmsy/m/n --> OMS/lmsy/m/n on input line 24.
LaTeX Font Info:    Overwriting symbol font `largesymbols' in version `normal'
(Font)                  OMX/cmex/m/n --> OMX/lmex/m/n on input line 25.
LaTeX Font Info:    Overwriting symbol font `operators' in version `bold'
(Font)                  OT1/cmr/bx/n --> OT1/lmr/bx/n on input line 26.
LaTeX Font Info:    Overwriting symbol font `letters' in version `bold'
(Font)                  OML/cmm/b/it --> OML/lmm/b/it on input line 27.
LaTeX Font Info:    Overwriting symbol font `symbols' in version `bold'
(Font)                  OMS/cmsy/b/n --> OMS/lmsy/b/n on input line 28.
LaTeX Font Info:    Overwriting symbol font `largesymbols' in version `bold'
(Font)                  OMX/cmex/m/n --> OMX/lmex/m/n on input line 29.
LaTeX Font Info:    Overwriting math alphabet `\mathbf' in version `normal'
(Font)                  OT1/cmr/bx/n --> OT1/lmr/bx/n on input line 31.
LaTeX Font Info:    Overwriting math alphabet `\mathsf' in version `normal'
(Font)                  OT1/cmss/m/n --> OT1/lmss/m/n on input line 32.
LaTeX Font Info:    Overwriting math alphabet `\mathit' in version `normal'
(Font)                  OT1/cmr/m/it --> OT1/lmr/m/it on input line 33.
LaTeX Font Info:    Overwriting math alphabet `\mathtt' in version `normal'
(Font)                  OT1/cmtt/m/n --> OT1/lmtt/m/n on input line 34.
LaTeX Font Info:    Overwriting math alphabet `\mathbf' in version `bold'
(Font)                  OT1/cmr/bx/n --> OT1/lmr/bx/n on input line 35.
LaTeX Font Info:    Overwriting math alphabet `\mathsf' in version `bold'
(Font)                  OT1/cmss/bx/n --> OT1/lmss/bx/n on input line 36.
LaTeX Font Info:    Overwriting math alphabet `\mathit' in version `bold'
(Font)                  OT1/cmr/bx/it --> OT1/lmr/bx/it on input line 37.
LaTeX Font Info:    Overwriting math alphabet `\mathtt' in version `bold'
(Font)                  OT1/cmtt/m/n --> OT1/lmtt/m/n on input line 38.
)
(/sw/share/texmf-dist/tex/latex/microtype/microtype.sty
Package: microtype 2013/05/23 v2.5a Micro-typographical refinements (RS)
\MT@toks=\toks36
\MT@count=\count154
LaTeX Info: Redefining \textls on input line 766.
\MT@outer@kern=\dimen178
LaTeX Info: Redefining \textmicrotypecontext on input line 1285.
\MT@listname@count=\count155

(/sw/share/texmf-dist/tex/latex/microtype/microtype-pdftex.def
File: microtype-pdftex.def 2013/05/23 v2.5a Definitions specific to pdftex (RS)

LaTeX Info: Redefining \lsstyle on input line 915.
LaTeX Info: Redefining \lslig on input line 915.
\MT@outer@space=\skip80
)
Package microtype Info: Loading configuration file microtype.cfg.

(/sw/share/texmf-dist/tex/latex/microtype/microtype.cfg
File: microtype.cfg 2013/05/23 v2.5a microtype main configuration file (RS)
))
(/sw/share/texmf-dist/tex/latex/tools/xr.sty
Package: xr 1994/05/28 v5.02 eXternal References (DPC)
)
Package xr Info: IMPORTING LABELS FROM manuscriptPS.aux on input line 16.

(/sw/share/texmf-dist/tex/latex/soul/soul.sty
Package: soul 2003/11/17 v2.4 letterspacing/underlining (mf)
\SOUL@word=\toks37
\SOUL@lasttoken=\toks38
\SOUL@cmds=\toks39
\SOUL@buffer=\toks40
\SOUL@token=\toks41
\SOUL@spaceskip=\skip81
\SOUL@ttwidth=\dimen179
\SOUL@uldp=\dimen180
\SOUL@ulht=\dimen181
) (./manuscriptPSsuppl.aux)
\openout1 = `manuscriptPSsuppl.aux'.

LaTeX Font Info:    Checking defaults for OML/cmm/m/it on input line 69.
LaTeX Font Info:    ... okay on input line 69.
LaTeX Font Info:    Checking defaults for T1/cmr/m/n on input line 69.
LaTeX Font Info:    ... okay on input line 69.
LaTeX Font Info:    Checking defaults for OT1/cmr/m/n on input line 69.
LaTeX Font Info:    ... okay on input line 69.
LaTeX Font Info:    Checking defaults for OMS/cmsy/m/n on input line 69.
LaTeX Font Info:    ... okay on input line 69.
LaTeX Font Info:    Checking defaults for OMX/cmex/m/n on input line 69.
LaTeX Font Info:    ... okay on input line 69.
LaTeX Font Info:    Checking defaults for U/cmr/m/n on input line 69.
LaTeX Font Info:    ... okay on input line 69.
LaTeX Font Info:    Try loading font information for T1+lmr on input line 69.

(/sw/share/texmf-dist/tex/latex/lm/t1lmr.fd
File: t1lmr.fd 2009/10/30 v1.6 Font defs for Latin Modern
)
\openout3 = `acs-manuscriptPSsuppl.bib'.


*geometry* driver: auto-detecting
*geometry* detected driver: pdftex
*geometry* verbose mode - [ preamble ] result:
* driver: pdftex
* paper: <default>
* layout: <same size as paper>
* layoutoffset:(h,v)=(0.0pt,0.0pt)
* modes: 
* h-part:(L,W,R)=(72.2698pt, 469.75539pt, 72.2698pt)
* v-part:(T,H,B)=(72.2698pt, 650.43037pt, 72.2698pt)
* \paperwidth=614.295pt
* \paperheight=794.96999pt
* \textwidth=469.75539pt
* \textheight=650.43037pt
* \oddsidemargin=-0.00018pt
* \evensidemargin=-0.00018pt
* \topmargin=-37.00018pt
* \headheight=12.0pt
* \headsep=25.0pt
* \topskip=12.0pt
* \footskip=30.0pt
* \marginparwidth=44.0pt
* \marginparsep=10.0pt
* \columnsep=10.0pt
* \skip\footins=10.8pt plus 4.0pt minus 2.0pt
* \hoffset=0.0pt
* \voffset=0.0pt
* \mag=1000
* \@twocolumnfalse
* \@twosidefalse
* \@mparswitchfalse
* \@reversemarginfalse
* (1in=72.27pt=25.4mm, 1cm=28.453pt)

Package caption Info: Begin \AtBeginDocument code.
Package caption Info: float package is loaded.
Package caption Info: rotating package is loaded.
Package caption Info: End \AtBeginDocument code.
(/sw/share/texmf-dist/tex/context/base/supp-pdf.mkii
[Loading MPS to PDF converter (version 2006.09.02).]
\scratchcounter=\count156
\scratchdimen=\dimen182
\scratchbox=\box46
\nofMPsegments=\count157
\nofMParguments=\count158
\everyMPshowfont=\toks42
\MPscratchCnt=\count159
\MPscratchDim=\dimen183
\MPnumerator=\count160
\makeMPintoPDFobject=\count161
\everyMPtoPDFconversion=\toks43
) (/sw/share/texmf-dist/tex/latex/oberdiek/epstopdf-base.sty
Package: epstopdf-base 2010/02/09 v2.5 Base part for package epstopdf

(/sw/share/texmf-dist/tex/latex/oberdiek/grfext.sty
Package: grfext 2010/08/19 v1.1 Manage graphics extensions (HO)

(/sw/share/texmf-dist/tex/generic/oberdiek/kvdefinekeys.sty
Package: kvdefinekeys 2011/04/07 v1.3 Define keys (HO)
))
(/sw/share/texmf-dist/tex/latex/oberdiek/kvoptions.sty
Package: kvoptions 2011/06/30 v3.11 Key value format for package options (HO)

(/sw/share/texmf-dist/tex/generic/oberdiek/kvsetkeys.sty
Package: kvsetkeys 2012/04/25 v1.16 Key value parser (HO)

(/sw/share/texmf-dist/tex/generic/oberdiek/etexcmds.sty
Package: etexcmds 2011/02/16 v1.5 Avoid name clashes with e-TeX commands (HO)
Package etexcmds Info: Could not find \expanded.
(etexcmds)             That can mean that you are not using pdfTeX 1.50 or
(etexcmds)             that some package has redefined \expanded.
(etexcmds)             In the latter case, load this package earlier.
)))
Package grfext Info: Graphics extension search list:
(grfext)             [.png,.pdf,.jpg,.mps,.jpeg,.jbig2,.jb2,.PNG,.PDF,.JPG,.JPE
G,.JBIG2,.JB2,.eps]
(grfext)             \AppendGraphicsExtensions on input line 452.

(/sw/share/texmf-dist/tex/latex/latexconfig/epstopdf-sys.cfg
File: epstopdf-sys.cfg 2010/07/13 v1.3 Configuration of (r)epstopdf for TeX Liv
e
))
LaTeX Info: Redefining \microtypecontext on input line 69.
Package microtype Info: Generating PDF output.
Package microtype Info: Character protrusion enabled (level 2).
Package microtype Info: Using default protrusion set `alltext'.
Package microtype Info: Automatic font expansion enabled (level 2),
(microtype)             stretch: 20, shrink: 20, step: 1, non-selected.
Package microtype Info: Using default expansion set `basictext'.
Package microtype Info: No adjustment of tracking.
Package microtype Info: No adjustment of interword spacing.
Package microtype Info: No adjustment of character kerning.

(/sw/share/texmf-dist/tex/latex/microtype/mt-cmr.cfg
File: mt-cmr.cfg 2013/05/19 v2.2 microtype config. file: Computer Modern Roman 
(RS)
)
LaTeX Font Info:    Try loading font information for T1+lmss on input line 69.

(/sw/share/texmf-dist/tex/latex/lm/t1lmss.fd
File: t1lmss.fd 2009/10/30 v1.6 Font defs for Latin Modern
)
Package microtype Info: Loading generic settings for font family
(microtype)             `lmss' (encoding: T1).
(microtype)             For optimal results, create family-specific settings.
(microtype)             See the microtype manual for details.
LaTeX Font Info:    Try loading font information for OT1+lmr on input line 69.

(/sw/share/texmf-dist/tex/latex/lm/ot1lmr.fd
File: ot1lmr.fd 2009/10/30 v1.6 Font defs for Latin Modern
)
LaTeX Font Info:    Try loading font information for OML+lmm on input line 69.

(/sw/share/texmf-dist/tex/latex/lm/omllmm.fd
File: omllmm.fd 2009/10/30 v1.6 Font defs for Latin Modern
)
LaTeX Font Info:    Try loading font information for OMS+lmsy on input line 69.


(/sw/share/texmf-dist/tex/latex/lm/omslmsy.fd
File: omslmsy.fd 2009/10/30 v1.6 Font defs for Latin Modern
)
LaTeX Font Info:    Try loading font information for OMX+lmex on input line 69.


(/sw/share/texmf-dist/tex/latex/lm/omxlmex.fd
File: omxlmex.fd 2009/10/30 v1.6 Font defs for Latin Modern
)
LaTeX Font Info:    External font `lmex10' loaded for size
(Font)              <14.4> on input line 69.
LaTeX Font Info:    External font `lmex10' loaded for size
(Font)              <10> on input line 69.
LaTeX Font Info:    External font `lmex10' loaded for size
(Font)              <7> on input line 69.

(/sw/share/texmf-dist/tex/latex/microtype/mt-eur.cfg
File: mt-eur.cfg 2006/07/31 v1.1 microtype config. file: AMS Euler Roman (RS)
)
LaTeX Font Info:    External font `lmex10' loaded for size
(Font)              <5> on input line 69.
LaTeX Font Info:    External font `lmex10' loaded for size
(Font)              <12> on input line 69.
LaTeX Font Info:    External font `lmex10' loaded for size
(Font)              <8> on input line 69.
LaTeX Font Info:    External font `lmex10' loaded for size
(Font)              <6> on input line 69.
 [1

{/sw/var/lib/texmf/fonts/map/pdftex/updmap/pdftex.map}]
Overfull \hbox (1.25076pt too wide) in paragraph at lines 88--123
 [][] 
 []


Underfull \hbox (badness 10000) in paragraph at lines 142--146

 []


Underfull \hbox (badness 10000) in paragraph at lines 154--158

 []


Underfull \hbox (badness 10000) in paragraph at lines 159--166

 []

[2] [3]
Underfull \hbox (badness 10000) in paragraph at lines 168--174

 []


Underfull \hbox (badness 10000) in paragraph at lines 176--180

 []

[4] [5]
Underfull \hbox (badness 10000) in paragraph at lines 249--250

 []


Underfull \hbox (badness 10000) in paragraph at lines 251--255

 []


Underfull \hbox (badness 10000) in paragraph at lines 256--292

 []

[6]
Underfull \hbox (badness 10000) in paragraph at lines 293--303

 []

[7]
Underfull \hbox (badness 10000) in paragraph at lines 309--311

 []


Underfull \hbox (badness 10000) in paragraph at lines 312--313

 []


Underfull \hbox (badness 10000) in paragraph at lines 314--318

 []


Underfull \hbox (badness 10000) in paragraph at lines 325--329

 []

[8]
Underfull \hbox (badness 10000) in paragraph at lines 351--355

 []


Underfull \hbox (badness 10000) in paragraph at lines 356--360

 []


Underfull \hbox (badness 10000) in paragraph at lines 363--367

 []


LaTeX Warning: No positions in optional float specifier.
               Default added (so using `htbp') on input line 384.

Package epstopdf Info: Source file: <../Figs/HGorderparametersPCvsPEPSPGchol.ep
s>
(epstopdf)                    date: 2019-02-01 12:33:25
(epstopdf)                    size: 26852 bytes
(epstopdf)             Output file: <../Figs/HGorderparametersPCvsPEPSPGchol-ep
s-converted-to.pdf>
(epstopdf)                    date: 2019-02-01 12:33:25
(epstopdf)                    size: 10394 bytes
(epstopdf)             Command: <repstopdf --outfile=../Figs/HGorderparametersP
CvsPEPSPGchol-eps-converted-to.pdf ../Figs/HGorderparametersPCvsPEPSPGchol.eps>

(epstopdf)             \includegraphics on input line 386.
Package epstopdf Info: Output file is already uptodate.


pdfTeX warning: /sw/bin/pdflatex (file ../Figs/HGorderparametersPCvsPEPSPGchol-
eps-converted-to.pdf): PDF inclusion: found PDF version <1.7>, but at most vers
ion <1.5> allowed

<../Figs/HGorderparametersPCvsPEPSPGchol-eps-converted-to.pdf, id=45, 505.89pt 
x 722.7pt>
File: ../Figs/HGorderparametersPCvsPEPSPGchol-eps-converted-to.pdf Graphic file
 (type pdf)
 <use ../Figs/HGorderparametersPCvsPEPSPGchol-eps-converted-to.pdf>
Package pdftex.def Info: ../Figs/HGorderparametersPCvsPEPSPGchol-eps-converted-
to.pdf used on input line 386.
(pdftex.def)             Requested size: 227.62204pt x 325.17891pt.

[9]

LaTeX Warning: No positions in optional float specifier.
               Default added (so using `htbp') on input line 408.

Package epstopdf Info: Source file: <../Figs/LIPIDSwithCaCl.eps>
(epstopdf)                    date: 2019-02-01 12:33:25
(epstopdf)                    size: 28781 bytes
(epstopdf)             Output file: <../Figs/LIPIDSwithCaCl-eps-converted-to.pd
f>
(epstopdf)                    date: 2019-02-01 12:33:25
(epstopdf)                    size: 11928 bytes
(epstopdf)             Command: <repstopdf --outfile=../Figs/LIPIDSwithCaCl-eps
-converted-to.pdf ../Figs/LIPIDSwithCaCl.eps>
(epstopdf)             \includegraphics on input line 410.
Package epstopdf Info: Output file is already uptodate.


pdfTeX warning: /sw/bin/pdflatex (file ../Figs/LIPIDSwithCaCl-eps-converted-to.
pdf): PDF inclusion: found PDF version <1.7>, but at most version <1.5> allowed

<../Figs/LIPIDSwithCaCl-eps-converted-to.pdf, id=49, 505.89pt x 722.7pt>
File: ../Figs/LIPIDSwithCaCl-eps-converted-to.pdf Graphic file (type pdf)

<use ../Figs/LIPIDSwithCaCl-eps-converted-to.pdf>
Package pdftex.def Info: ../Figs/LIPIDSwithCaCl-eps-converted-to.pdf used on in
put line 410.
(pdftex.def)             Requested size: 227.62204pt x 325.17891pt.
Package epstopdf Info: Source file: <../Figs/LIPIDSwithCaClBELOW1M.eps>
(epstopdf)                    date: 2019-02-01 12:33:25
(epstopdf)                    size: 26636 bytes
(epstopdf)             Output file: <../Figs/LIPIDSwithCaClBELOW1M-eps-converte
d-to.pdf>
(epstopdf)                    date: 2019-02-01 12:33:25
(epstopdf)                    size: 9786 bytes
(epstopdf)             Command: <repstopdf --outfile=../Figs/LIPIDSwithCaClBELO
W1M-eps-converted-to.pdf ../Figs/LIPIDSwithCaClBELOW1M.eps>
(epstopdf)             \includegraphics on input line 411.
Package epstopdf Info: Output file is already uptodate.


pdfTeX warning: /sw/bin/pdflatex (file ../Figs/LIPIDSwithCaClBELOW1M-eps-conver
ted-to.pdf): PDF inclusion: found PDF version <1.7>, but at most version <1.5> 
allowed

<../Figs/LIPIDSwithCaClBELOW1M-eps-converted-to.pdf, id=50, 505.89pt x 722.7pt>
File: ../Figs/LIPIDSwithCaClBELOW1M-eps-converted-to.pdf Graphic file (type pdf
)
<use ../Figs/LIPIDSwithCaClBELOW1M-eps-converted-to.pdf>
Package pdftex.def Info: ../Figs/LIPIDSwithCaClBELOW1M-eps-converted-to.pdf use
d on input line 411.
(pdftex.def)             Requested size: 227.62204pt x 325.17891pt.
 [10 <../Figs/HGorderparametersPCvsPEPSPGchol-eps-converted-to.pdf>]

LaTeX Warning: No positions in optional float specifier.
               Default added (so using `htbp') on input line 434.

Package epstopdf Info: Source file: <../Figs/CHANGESwithCaCl.eps>
(epstopdf)                    date: 2019-02-01 12:33:25
(epstopdf)                    size: 29429 bytes
(epstopdf)             Output file: <../Figs/CHANGESwithCaCl-eps-converted-to.p
df>
(epstopdf)                    date: 2019-02-01 12:33:25
(epstopdf)                    size: 12065 bytes
(epstopdf)             Command: <repstopdf --outfile=../Figs/CHANGESwithCaCl-ep
s-converted-to.pdf ../Figs/CHANGESwithCaCl.eps>
(epstopdf)             \includegraphics on input line 436.
Package epstopdf Info: Output file is already uptodate.


pdfTeX warning: /sw/bin/pdflatex (file ../Figs/CHANGESwithCaCl-eps-converted-to
.pdf): PDF inclusion: found PDF version <1.7>, but at most version <1.5> allowe
d
<../Figs/CHANGESwithCaCl-eps-converted-to.pdf, id=64, 505.89pt x 722.7pt>
File: ../Figs/CHANGESwithCaCl-eps-converted-to.pdf Graphic file (type pdf)

<use ../Figs/CHANGESwithCaCl-eps-converted-to.pdf>
Package pdftex.def Info: ../Figs/CHANGESwithCaCl-eps-converted-to.pdf used on i
nput line 436.
(pdftex.def)             Requested size: 256.0748pt x 365.82626pt.
 [11] [12 <../Figs/LIPIDSwithCaCl-eps-converted-to.pdf> <../Figs/LIPIDSwithCaCl
BELOW1M-eps-converted-to.pdf>] [13 <../Figs/CHANGESwithCaCl-eps-converted-to.pd
f>]

LaTeX Warning: No positions in optional float specifier.
               Default added (so using `htbp') on input line 467.

Package epstopdf Info: Source file: <../Figs/HGopsDHMDMAB.eps>
(epstopdf)                    date: 2019-02-01 12:33:25
(epstopdf)                    size: 27127 bytes
(epstopdf)             Output file: <../Figs/HGopsDHMDMAB-eps-converted-to.pdf>

(epstopdf)                    date: 2019-02-01 12:33:25
(epstopdf)                    size: 10264 bytes
(epstopdf)             Command: <repstopdf --outfile=../Figs/HGopsDHMDMAB-eps-c
onverted-to.pdf ../Figs/HGopsDHMDMAB.eps>
(epstopdf)             \includegraphics on input line 469.
Package epstopdf Info: Output file is already uptodate.


pdfTeX warning: /sw/bin/pdflatex (file ../Figs/HGopsDHMDMAB-eps-converted-to.pd
f): PDF inclusion: found PDF version <1.7>, but at most version <1.5> allowed
<../Figs/HGopsDHMDMAB-eps-converted-to.pdf, id=102, 505.89pt x 722.7pt>
File: ../Figs/HGopsDHMDMAB-eps-converted-to.pdf Graphic file (type pdf)

<use ../Figs/HGopsDHMDMAB-eps-converted-to.pdf>
Package pdftex.def Info: ../Figs/HGopsDHMDMAB-eps-converted-to.pdf used on inpu
t line 469.
(pdftex.def)             Requested size: 256.0748pt x 365.82626pt.
 [14] [15 <../Figs/HGopsDHMDMAB-eps-converted-to.pdf>]

LaTeX Warning: No positions in optional float specifier.
               Default added (so using `htbp') on input line 487.


<../Figs/OP_ECC_POPC_DPPC_water_conc2_dppc_bulk.pdf, id=120, 216.81pt x 289.08p
t>
File: ../Figs/OP_ECC_POPC_DPPC_water_conc2_dppc_bulk.pdf Graphic file (type pdf
)
 <use ../Figs/OP_ECC_POPC_DPPC_water_conc2_dppc_bulk.pdf>
Package pdftex.def Info: ../Figs/OP_ECC_POPC_DPPC_water_conc2_dppc_bulk.pdf use
d on input line 489.
(pdftex.def)             Requested size: 236.15796pt x 314.89244pt.
 [16 <../Figs/OP_ECC_POPC_DPPC_water_conc2_dppc_bulk.pdf>]

LaTeX Warning: No positions in optional float specifier.
               Default added (so using `htbp') on input line 506.

<../Figs/SI_slices.pdf, id=152, 1027.84pt x 770.88pt>
File: ../Figs/SI_slices.pdf Graphic file (type pdf)

<use ../Figs/SI_slices.pdf>
Package pdftex.def Info: ../Figs/SI_slices.pdf used on input line 508.
(pdftex.def)             Requested size: 569.05511pt x 426.79659pt.

Overfull \hbox (99.29973pt too wide) in paragraph at lines 508--511
 [][] 
 []

[17 <../Figs/SI_slices.pdf>]

LaTeX Warning: No positions in optional float specifier.
               Default added (so using `htbp') on input line 536.

<../Figs/PS_Labels.png, id=201, 306.24413pt x 116.53537pt>
File: ../Figs/PS_Labels.png Graphic file (type png)

<use ../Figs/PS_Labels.png>
Package pdftex.def Info: ../Figs/PS_Labels.png used on input line 538.
(pdftex.def)             Requested size: 227.62204pt x 86.6189pt.
 <../Figs/figS7.png, id=203, 2810.5pt x 2276.505pt>
File: ../Figs/figS7.png Graphic file (type png)

<use ../Figs/figS7.png>
Package pdftex.def Info: ../Figs/figS7.png used on input line 539.
(pdftex.def)             Requested size: 455.24408pt x 368.72926pt.


LaTeX Warning: No positions in optional float specifier.
               Default added (so using `htbp') on input line 545.

File: ../Figs/PS_Labels.png Graphic file (type png)
<use ../Figs/PS_Labels.png>
Package pdftex.def Info: ../Figs/PS_Labels.png used on input line 547.
(pdftex.def)             Requested size: 227.62204pt x 86.6189pt.

<../Figs/figS6.png, id=204, 2810.5pt x 3957.78625pt>
File: ../Figs/figS6.png Graphic file (type png)
 <use ../Figs/figS6.png>
Package pdftex.def Info: ../Figs/figS6.png used on input line 548.
(pdftex.def)             Requested size: 369.88582pt x 520.87132pt.


LaTeX Warning: No positions in optional float specifier.
               Default added (so using `htbp') on input line 554.

<../Figs/figS8.png, id=205, 3099.58pt x 1753.55125pt>
File: ../Figs/figS8.png Graphic file (type png)
 <use ../Figs/figS8.png>
Package pdftex.def Info: ../Figs/figS8.png used on input line 556.
(pdftex.def)             Requested size: 512.1496pt x 289.72482pt.

Overfull \hbox (42.39421pt too wide) in paragraph at lines 556--559
 [][] 
 []


LaTeX Warning: No positions in optional float specifier.
               Default added (so using `htbp') on input line 562.

<../Figs/figS7PC.png, id=206, 2810.5pt x 2090.81125pt>
File: ../Figs/figS7PC.png Graphic file (type png)

<use ../Figs/figS7PC.png>
Package pdftex.def Info: ../Figs/figS7PC.png used on input line 564.
(pdftex.def)             Requested size: 455.24408pt x 338.65215pt.


LaTeX Warning: No positions in optional float specifier.
               Default added (so using `htbp') on input line 573.

<../Figs/figS6PC.png, id=207, 2810.5pt x 3957.78625pt>
File: ../Figs/figS6PC.png Graphic file (type png)

<use ../Figs/figS6PC.png>
Package pdftex.def Info: ../Figs/figS6PC.png used on input line 575.
(pdftex.def)             Requested size: 426.79134pt x 601.01003pt.


LaTeX Warning: Float too large for page by 16.56291pt on input line 582.


LaTeX Warning: No positions in optional float specifier.
               Default added (so using `htbp') on input line 584.

<../Figs/figS8_POPC.png, id=208, 1235.61626pt x 1688.3075pt>
File: ../Figs/figS8_POPC.png Graphic file (type png)

<use ../Figs/figS8_POPC.png>
Package pdftex.def Info: ../Figs/figS8_POPC.png used on input line 586.
(pdftex.def)             Requested size: 256.0748pt x 349.89221pt.
 [18] [19 <../Figs/PS_Labels.png> <../Figs/figS7.png (PNG copy)>] [20 <../Figs/
figS6.png (PNG copy)>] [21 <../Figs/figS8.png>]
[22 <../Figs/figS7PC.png (PNG copy)>] [23 <../Figs/figS6PC.png (PNG copy)>]
[24 <../Figs/figS8_POPC.png>]

LaTeX Warning: No positions in optional float specifier.
               Default added (so using `htbp') on input line 629.

Package epstopdf Info: Source file: <../Figs/CHANGESwithMONVALENTwithPS.eps>
(epstopdf)                    date: 2019-02-01 12:33:25
(epstopdf)                    size: 46630 bytes
(epstopdf)             Output file: <../Figs/CHANGESwithMONVALENTwithPS-eps-con
verted-to.pdf>
(epstopdf)                    date: 2019-02-01 12:33:25
(epstopdf)                    size: 17465 bytes
(epstopdf)             Command: <repstopdf --outfile=../Figs/CHANGESwithMONVALE
NTwithPS-eps-converted-to.pdf ../Figs/CHANGESwithMONVALENTwithPS.eps>
(epstopdf)             \includegraphics on input line 631.
Package epstopdf Info: Output file is already uptodate.


pdfTeX warning: /sw/bin/pdflatex (file ../Figs/CHANGESwithMONVALENTwithPS-eps-c
onverted-to.pdf): PDF inclusion: found PDF version <1.7>, but at most version <
1.5> allowed

<../Figs/CHANGESwithMONVALENTwithPS-eps-converted-to.pdf, id=234, 1011.78pt x 7
94.97pt>
File: ../Figs/CHANGESwithMONVALENTwithPS-eps-converted-to.pdf Graphic file (typ
e pdf)
 <use ../Figs/CHANGESwithMONVALENTwithPS-eps-converted-to.pdf>
Package pdftex.def Info: ../Figs/CHANGESwithMONVALENTwithPS-eps-converted-to.pd
f used on input line 631.
(pdftex.def)             Requested size: 483.69684pt x 380.05286pt.

Overfull \hbox (13.94145pt too wide) in paragraph at lines 631--641
 [][] 
 []


LaTeX Warning: No positions in optional float specifier.
               Default added (so using `htbp') on input line 643.

Package epstopdf Info: Source file: <../Figs/CIdensPSOCmixt.eps>
(epstopdf)                    date: 2019-02-01 12:33:25
(epstopdf)                    size: 33650 bytes
(epstopdf)             Output file: <../Figs/CIdensPSOCmixt-eps-converted-to.pd
f>
(epstopdf)                    date: 2019-02-01 12:33:25
(epstopdf)                    size: 10834 bytes
(epstopdf)             Command: <repstopdf --outfile=../Figs/CIdensPSOCmixt-eps
-converted-to.pdf ../Figs/CIdensPSOCmixt.eps>
(epstopdf)             \includegraphics on input line 645.
Package epstopdf Info: Output file is already uptodate.


pdfTeX warning: /sw/bin/pdflatex (file ../Figs/CIdensPSOCmixt-eps-converted-to.
pdf): PDF inclusion: found PDF version <1.7>, but at most version <1.5> allowed

<../Figs/CIdensPSOCmixt-eps-converted-to.pdf, id=235, 505.89pt x 794.97pt>
File: ../Figs/CIdensPSOCmixt-eps-converted-to.pdf Graphic file (type pdf)

<use ../Figs/CIdensPSOCmixt-eps-converted-to.pdf>
Package pdftex.def Info: ../Figs/CIdensPSOCmixt-eps-converted-to.pdf used on in
put line 645.
(pdftex.def)             Requested size: 227.62204pt x 357.69681pt.


LaTeX Warning: No positions in optional float specifier.
               Default added (so using `htbp') on input line 650.

<../Figs/lipid17cluster.png, id=236, 671.50874pt x 837.1275pt>
File: ../Figs/lipid17cluster.png Graphic file (type png)

<use ../Figs/lipid17cluster.png>
Package pdftex.def Info: ../Figs/lipid17cluster.png used on input line 652.
(pdftex.def)             Requested size: 227.62204pt x 283.76376pt.

<../Figs/MacRogIONcluster.png, id=237, 689.57625pt x 586.19pt>
File: ../Figs/MacRogIONcluster.png Graphic file (type png)

<use ../Figs/MacRogIONcluster.png>
Package pdftex.def Info: ../Figs/MacRogIONcluster.png used on input line 653.
(pdftex.def)             Requested size: 227.62204pt x 193.49696pt.
 [25] [26 <../Figs/CHANGESwithMONVALENTwithPS-eps-converted-to.pdf>] [27 <../Fi
gs/CIdensPSOCmixt-eps-converted-to.pdf>]
[28 <../Figs/lipid17cluster.png> <../Figs/MacRogIONcluster.png>]

LaTeX Warning: No positions in optional float specifier.
               Default added (so using `htbp') on input line 701.

<../Figs/OP_CHARMM_CaCl_POPC_NBFix.pdf, id=266, 397.485pt x 216.81pt>
File: ../Figs/OP_CHARMM_CaCl_POPC_NBFix.pdf Graphic file (type pdf)

<use ../Figs/OP_CHARMM_CaCl_POPC_NBFix.pdf>
Package pdftex.def Info: ../Figs/OP_CHARMM_CaCl_POPC_NBFix.pdf used on input li
ne 703.
(pdftex.def)             Requested size: 483.69684pt x 263.84285pt.

Overfull \hbox (13.94145pt too wide) in paragraph at lines 703--713
 [][] 
 []


LaTeX Warning: No positions in optional float specifier.
               Default added (so using `htbp') on input line 716.


<../Figs/density_profile_CHARMM_CaCl_POPC_NBFix.pdf, id=267, 252.945pt x 289.08
pt>
File: ../Figs/density_profile_CHARMM_CaCl_POPC_NBFix.pdf Graphic file (type pdf
)
 <use ../Figs/density_profile_CHARMM_CaCl_POPC_NBFix.pdf>
Package pdftex.def Info: ../Figs/density_profile_CHARMM_CaCl_POPC_NBFix.pdf use
d on input line 718.
(pdftex.def)             Requested size: 256.0748pt x 292.66101pt.
 [29 <../Figs/OP_CHARMM_CaCl_POPC_NBFix.pdf>] [30 <../Figs/density_profile_CHAR
MM_CaCl_POPC_NBFix.pdf>]
Overfull \hbox (111.44188pt too wide) in paragraph at lines 727--727
[]\T1/lmr/bx/n/17.28 Calcium den-sity pro-files from sim-u-la-tions with POPC:P
OPS(5:1)
 []

Package epstopdf Info: Source file: <../Figs/CAdensPCPSmixture.eps>
(epstopdf)                    date: 2019-02-01 12:33:25
(epstopdf)                    size: 48477 bytes
(epstopdf)             Output file: <../Figs/CAdensPCPSmixture-eps-converted-to
.pdf>
(epstopdf)                    date: 2019-02-01 12:33:25
(epstopdf)                    size: 15375 bytes
(epstopdf)             Command: <repstopdf --outfile=../Figs/CAdensPCPSmixture-
eps-converted-to.pdf ../Figs/CAdensPCPSmixture.eps>
(epstopdf)             \includegraphics on input line 730.
Package epstopdf Info: Output file is already uptodate.


pdfTeX warning: /sw/bin/pdflatex (file ../Figs/CAdensPCPSmixture-eps-converted-
to.pdf): PDF inclusion: found PDF version <1.7>, but at most version <1.5> allo
wed
<../Figs/CAdensPCPSmixture-eps-converted-to.pdf, id=329, 505.89pt x 794.97pt>
File: ../Figs/CAdensPCPSmixture-eps-converted-to.pdf Graphic file (type pdf)

<use ../Figs/CAdensPCPSmixture-eps-converted-to.pdf>
Package pdftex.def Info: ../Figs/CAdensPCPSmixture-eps-converted-to.pdf used on
 input line 730.
(pdftex.def)             Requested size: 256.0748pt x 402.4089pt.
 [31 <../Figs/CAdensPCPSmixture-eps-converted-to.pdf>] [32] [33] [34] (./manusc
riptPSsuppl.bbl
LaTeX Font Info:    Try loading font information for T1+lmtt on input line 56.

(/sw/share/texmf-dist/tex/latex/lm/t1lmtt.fd
File: t1lmtt.fd 2009/10/30 v1.6 Font defs for Latin Modern
)
Package microtype Info: Loading generic settings for font family
(microtype)             `lmtt' (encoding: T1).
(microtype)             For optimal results, create family-specific settings.
(microtype)             See the microtype manual for details.
 [35] [36] [37]
Underfull \hbox (badness 1648) in paragraph at lines 288--295
[]\T1/lmr/m/n/12 (+20) Madsen, J. J. MD sim-u-la-tions of bi-lay-ers con-tain-i
ng PC/PS mix-tures and
 []


Underfull \hbox (badness 1648) in paragraph at lines 296--303
[]\T1/lmr/m/n/12 (+20) Madsen, J. J. MD sim-u-la-tions of bi-lay-ers con-tain-i
ng PC/PS mix-tures and
 []

[38] [39] [40] [41] [42] [43] [44] [45]) [46] (./manuscriptPSsuppl.aux) ) 
Here is how much of TeX's memory you used:
 13936 strings out of 493117
 245372 string characters out of 6141650
 343449 words of memory out of 5000000
 17029 multiletter control sequences out of 15000+600000
 107635 words of font info for 142 fonts, out of 8000000 for 9000
 1141 hyphenation exceptions out of 8191
 60i,18n,94p,10358b,723s stack positions out of 5000i,500n,10000p,200000b,80000s
{/sw/s
hare/texmf-dist/fonts/enc/dvips/lm/lm-ec.enc}{/sw/share/texmf-dist/fonts/enc/dv
ips/lm/lm-mathit.enc}{/sw/share/texmf-dist/fonts/enc/dvips/lm/lm-rm.enc}{/sw/sh
are/texmf-dist/fonts/enc/dvips/lm/lm-mathsy.enc}</sw/share/texmf-dist/fonts/typ
e1/public/lm/lmbx12.pfb></sw/share/texmf-dist/fonts/type1/public/lm/lmbx8.pfb><
/sw/share/texmf-dist/fonts/type1/public/lm/lmmi12.pfb></sw/share/texmf-dist/fon
ts/type1/public/lm/lmmi8.pfb></sw/share/texmf-dist/fonts/type1/public/lm/lmr10.
pfb></sw/share/texmf-dist/fonts/type1/public/lm/lmr12.pfb></sw/share/texmf-dist
/fonts/type1/public/lm/lmr7.pfb></sw/share/texmf-dist/fonts/type1/public/lm/lmr
8.pfb></sw/share/texmf-dist/fonts/type1/public/lm/lmri12.pfb></sw/share/texmf-d
ist/fonts/type1/public/lm/lmri7.pfb></sw/share/texmf-dist/fonts/type1/public/lm
/lmri8.pfb></sw/share/texmf-dist/fonts/type1/public/lm/lmss10.pfb></sw/share/te
xmf-dist/fonts/type1/public/lm/lmss12.pfb></sw/share/texmf-dist/fonts/type1/pub
lic/lm/lmssbx10.pfb></sw/share/texmf-dist/fonts/type1/public/lm/lmsy10.pfb></sw
/share/texmf-dist/fonts/type1/public/lm/lmsy7.pfb></sw/share/texmf-dist/fonts/t
ype1/public/lm/lmsy8.pfb></sw/share/texmf-dist/fonts/type1/public/lm/lmtt12.pfb
></sw/share/texmf-dist/fonts/type1/public/tex-gyre/qtmr.pfb>
Output written on manuscriptPSsuppl.pdf (46 pages, 6939054 bytes).
PDF statistics:
 456 PDF objects out of 1000 (max. 8388607)
 312 compressed objects within 4 object streams
 0 named destinations out of 1000 (max. 500000)
 30826 words of extra memory for PDF output out of 35830 (max. 10000000)

